[0/2] Re-checking globbed directories...
[1/2] Re-running CMake...
-- Found ccache: /opt/homebrew/bin/ccache
-- Found clang-tidy: /opt/homebrew/opt/llvm/bin/clang-tidy
-- CPM: Adding package JUCE@8.0.5 (8.0.5)
CMake Warning (dev) at /opt/homebrew/share/cmake/Modules/FetchContent.cmake:1963 (message):
  Calling FetchContent_Populate(JUCE) is deprecated, call
  FetchContent_MakeAvailable(JUCE) instead.  Policy CMP0169 can be set to OLD
  to allow FetchContent_Populate(JUCE) to be called directly for now, but the
  ability to call it with declared details will be removed completely in a
  future version.
Call Stack (most recent call first):
  cmake/CPM.cmake:1074 (FetchContent_Populate)
  cmake/CPM.cmake:868 (cpm_fetch_package)
  CMakeLists.txt:69 (CPMAddPackage)
This warning is for project developers.  Use -Wno-dev to suppress it.

-- Configuring juceaide
-- Building juceaide
-- Exporting juceaide
-- Testing juceaide
-- Finished setting up juceaide
-- CPM: Adding package httplib@0.28.0 (v0.28.0)
CMake Warning (dev) at /opt/homebrew/share/cmake/Modules/FetchContent.cmake:1963 (message):
  Calling FetchContent_Populate(httplib) is deprecated, call
  FetchContent_MakeAvailable(httplib) instead.  Policy CMP0169 can be set to
  OLD to allow FetchContent_Populate(httplib) to be called directly for now,
  but the ability to call it with declared details will be removed completely
  in a future version.
Call Stack (most recent call first):
  cmake/CPM.cmake:1074 (FetchContent_Populate)
  cmake/CPM.cmake:868 (cpm_fetch_package)
  CMakeLists.txt:77 (CPMAddPackage)
This warning is for project developers.  Use -Wno-dev to suppress it.

-- CPM: Adding package json@3.11.3 (v3.11.3)
CMake Warning (dev) at /opt/homebrew/share/cmake/Modules/FetchContent.cmake:1963 (message):
  Calling FetchContent_Populate(json) is deprecated, call
  FetchContent_MakeAvailable(json) instead.  Policy CMP0169 can be set to OLD
  to allow FetchContent_Populate(json) to be called directly for now, but the
  ability to call it with declared details will be removed completely in a
  future version.
Call Stack (most recent call first):
  cmake/CPM.cmake:1074 (FetchContent_Populate)
  cmake/CPM.cmake:868 (cpm_fetch_package)
  CMakeLists.txt:84 (CPMAddPackage)
This warning is for project developers.  Use -Wno-dev to suppress it.

-- Using the multi-header code from /Users/Spare/Documents/code/MultiScoper/build/dev/_deps/json-src/include/
-- CPM: Adding package melatonin_inspector@ (origin/main)
CMake Warning (dev) at /opt/homebrew/share/cmake/Modules/FetchContent.cmake:1963 (message):
  Calling FetchContent_Populate(melatonin_inspector) is deprecated, call
  FetchContent_MakeAvailable(melatonin_inspector) instead.  Policy CMP0169
  can be set to OLD to allow FetchContent_Populate(melatonin_inspector) to be
  called directly for now, but the ability to call it with declared details
  will be removed completely in a future version.
Call Stack (most recent call first):
  cmake/CPM.cmake:1074 (FetchContent_Populate)
  cmake/CPM.cmake:868 (cpm_fetch_package)
  CMakeLists.txt:93 (CPMAddPackage)
This warning is for project developers.  Use -Wno-dev to suppress it.

-- CPM: Adding package googletest@1.17.0 (v1.17.0)
CMake Warning (dev) at /opt/homebrew/share/cmake/Modules/FetchContent.cmake:1963 (message):
  Calling FetchContent_Populate(googletest) is deprecated, call
  FetchContent_MakeAvailable(googletest) instead.  Policy CMP0169 can be set
  to OLD to allow FetchContent_Populate(googletest) to be called directly for
  now, but the ability to call it with declared details will be removed
  completely in a future version.
Call Stack (most recent call first):
  cmake/CPM.cmake:1074 (FetchContent_Populate)
  cmake/CPM.cmake:868 (cpm_fetch_package)
  CMakeLists.txt:336 (CPMAddPackage)
This warning is for project developers.  Use -Wno-dev to suppress it.

-- Configuring done (3.5s)
-- Generating done (0.1s)
-- Build files have been written to: /Users/Spare/Documents/code/MultiScoper/build/dev
[0/4] Re-checking globbed directories...
[1/22] Generating juce_binarydata_OscilBinaryData/JuceLibraryCode/BinaryData1.cpp, juce_binarydata_OscilBinaryData/JuceLibraryCode/BinaryData2.cpp, juce_binarydata_OscilBinaryData/JuceLibraryCode/BinaryData3.cpp, juce_binarydata_OscilBinaryData/JuceLibraryCode/BinaryData4.cpp, juce_binarydata_OscilBinaryData/JuceLibraryCode/BinaryData.h
[2/15] Building CXX object CMakeFiles/OscilTests.dir/src/rendering/shaders3d/StringTheoryShader.cpp.o
[3/15] Building CXX object CMakeFiles/Oscil.dir/src/rendering/shaders3d/StringTheoryShader.cpp.o
../../src/rendering/shaders3d/StringTheoryShader.cpp:155:59: warning: implicit conversion changes signedness: 'int' to 'size_type' (aka 'unsigned long') [-Wsign-conversion]
  155 |     vertices_.reserve(data.sampleCount * stringCount_ * 2 * 4);
      |               ~~~~~~~ ~~~~~~~~~~~~~~~~~~~~~~~~~~~~~~~~~~~~^~~
1 warning generated.
[4/15] Building CXX object CMakeFiles/Oscil.dir/src/rendering/shaders3d/VectorFlowShader.cpp.o
../../src/rendering/shaders3d/VectorFlowShader.cpp:179:40: warning: implicit conversion changes signedness: 'int' to 'size_type' (aka 'unsigned long') [-Wsign-conversion]
  179 |     vertices_.reserve(data.sampleCount * 4);
      |               ~~~~~~~ ~~~~~~~~~~~~~~~~~^~~
1 warning generated.
[5/15] Building CXX object CMakeFiles/OscilTests.dir/src/rendering/shaders3d/VectorFlowShader.cpp.o
[6/15] Building CXX object CMakeFiles/Oscil.dir/src/rendering/ShaderRegistry.cpp.o
[7/15] Building CXX object CMakeFiles/OscilTests.dir/src/rendering/ShaderRegistry.cpp.o
[8/15] Linking CXX static library Oscil_artefacts/Debug/liboscil4_SharedCode.a
[9/15] Linking CXX executable OscilTests
JUCE v8.0.5
[10/15] Linking CXX executable Oscil_artefacts/Debug/Standalone/oscil4.app/Contents/MacOS/oscil4
[11/15] Linking CXX CFBundle shared module Oscil_artefacts/Debug/AU/oscil4.component/Contents/MacOS/oscil4
FAILED: [code=1] Oscil_artefacts/Debug/AU/oscil4.component/Contents/MacOS/oscil4 
: && /usr/bin/c++ -g -arch arm64 -isysroot /Applications/Xcode.app/Contents/Developer/Platforms/MacOSX.platform/Developer/SDKs/MacOSX26.0.sdk -bundle -Wl,-headerpad_max_install_names -o Oscil_artefacts/Debug/AU/oscil4.component/Contents/MacOS/oscil4 CMakeFiles/Oscil_AU.dir/_deps/juce-src/modules/juce_audio_plugin_client/juce_audio_plugin_client_AAX_utils.cpp.o CMakeFiles/Oscil_AU.dir/_deps/juce-src/modules/juce_audio_plugin_client/juce_audio_plugin_client_ARA.cpp.o CMakeFiles/Oscil_AU.dir/_deps/juce-src/modules/juce_audio_plugin_client/juce_audio_plugin_client_Standalone.cpp.o CMakeFiles/Oscil_AU.dir/_deps/juce-src/modules/juce_audio_plugin_client/juce_audio_plugin_client_Unity.cpp.o CMakeFiles/Oscil_AU.dir/_deps/juce-src/modules/juce_audio_plugin_client/juce_audio_plugin_client_AAX.mm.o CMakeFiles/Oscil_AU.dir/_deps/juce-src/modules/juce_audio_plugin_client/juce_audio_plugin_client_AU_1.mm.o CMakeFiles/Oscil_AU.dir/_deps/juce-src/modules/juce_audio_plugin_client/juce_audio_plugin_client_AU_2.mm.o CMakeFiles/Oscil_AU.dir/_deps/juce-src/modules/juce_audio_plugin_client/juce_audio_plugin_client_AUv3.mm.o CMakeFiles/Oscil_AU.dir/_deps/juce-src/modules/juce_audio_plugin_client/juce_audio_plugin_client_LV2.mm.o CMakeFiles/Oscil_AU.dir/_deps/juce-src/modules/juce_audio_plugin_client/juce_audio_plugin_client_VST2.mm.o CMakeFiles/Oscil_AU.dir/_deps/juce-src/modules/juce_audio_plugin_client/juce_audio_plugin_client_VST3.mm.o  Oscil_artefacts/Debug/liboscil4_SharedCode.a  libOscilBinaryData.a  -framework DiscRecording  -framework CoreAudio  -framework CoreMIDI  -framework AudioToolbox  -framework Accelerate  -framework Foundation  -framework IOKit  -framework Security  -framework Cocoa  -framework QuartzCore  -weak_framework Metal  -weak_framework MetalKit  -framework WebKit  -framework OpenGL  -framework AudioUnit  -framework CoreAudioKit && cd /Users/Spare/Documents/code/MultiScoper/build/dev && /opt/homebrew/bin/cmake -E copy /Users/Spare/Documents/code/MultiScoper/build/dev/Oscil_artefacts/JuceLibraryCode/Oscil_AU/PkgInfo /Users/Spare/Documents/code/MultiScoper/build/dev/Oscil_artefacts/Debug/AU/oscil4.component/Contents && cd /Users/Spare/Documents/code/MultiScoper/build/dev && /opt/homebrew/bin/cmake -Dsrc=/Users/Spare/Documents/code/MultiScoper/build/dev/Oscil_artefacts/Debug/AU/oscil4.component -P /Users/Spare/Documents/code/MultiScoper/build/dev/_deps/juce-src/extras/Build/CMake/checkBundleSigning.cmake && cd /Users/Spare/Documents/code/MultiScoper/build/dev && /opt/homebrew/bin/cmake -Dsrc=/Users/Spare/Documents/code/MultiScoper/build/dev/Oscil_artefacts/Debug/AU/oscil4.component -Ddest=/Users/Spare/Library/Audio/Plug-Ins/Components -P /Users/Spare/Documents/code/MultiScoper/build/dev/_deps/juce-src/extras/Build/CMake/copyDir.cmake
/Users/Spare/Documents/code/MultiScoper/build/dev/Oscil_artefacts/Debug/AU/oscil4.component: code has no resources but signature indicates they must be present
-- Replacing invalid signature with ad-hoc signature
/Users/Spare/Documents/code/MultiScoper/build/dev/Oscil_artefacts/Debug/AU/oscil4.component: replacing existing signature
-- Destination /Users/Spare/Library/Audio/Plug-Ins/Components/oscil4.component exists, overwriting
-- Up-to-date: /Users/Spare/Library/Audio/Plug-Ins/Components/oscil4.component
CMake Error at _deps/juce-src/extras/Build/CMake/copyDir.cmake:45 (file):
  file INSTALL cannot set permissions on
  "/Users/Spare/Library/Audio/Plug-Ins/Components/oscil4.component":
  Operation not permitted.


[12/15] Linking CXX CFBundle shared module Oscil_artefacts/Debug/VST3/oscil4.vst3/Contents/MacOS/oscil4
FAILED: [code=1] Oscil_artefacts/Debug/VST3/oscil4.vst3/Contents/MacOS/oscil4 
: && /usr/bin/c++ -g -arch arm64 -isysroot /Applications/Xcode.app/Contents/Developer/Platforms/MacOSX.platform/Developer/SDKs/MacOSX26.0.sdk -bundle -Wl,-headerpad_max_install_names -o Oscil_artefacts/Debug/VST3/oscil4.vst3/Contents/MacOS/oscil4 CMakeFiles/Oscil_VST3.dir/_deps/juce-src/modules/juce_audio_plugin_client/juce_audio_plugin_client_AAX_utils.cpp.o CMakeFiles/Oscil_VST3.dir/_deps/juce-src/modules/juce_audio_plugin_client/juce_audio_plugin_client_ARA.cpp.o CMakeFiles/Oscil_VST3.dir/_deps/juce-src/modules/juce_audio_plugin_client/juce_audio_plugin_client_Standalone.cpp.o CMakeFiles/Oscil_VST3.dir/_deps/juce-src/modules/juce_audio_plugin_client/juce_audio_plugin_client_Unity.cpp.o CMakeFiles/Oscil_VST3.dir/_deps/juce-src/modules/juce_audio_plugin_client/juce_audio_plugin_client_AAX.mm.o CMakeFiles/Oscil_VST3.dir/_deps/juce-src/modules/juce_audio_plugin_client/juce_audio_plugin_client_AU_1.mm.o CMakeFiles/Oscil_VST3.dir/_deps/juce-src/modules/juce_audio_plugin_client/juce_audio_plugin_client_AU_2.mm.o CMakeFiles/Oscil_VST3.dir/_deps/juce-src/modules/juce_audio_plugin_client/juce_audio_plugin_client_AUv3.mm.o CMakeFiles/Oscil_VST3.dir/_deps/juce-src/modules/juce_audio_plugin_client/juce_audio_plugin_client_LV2.mm.o CMakeFiles/Oscil_VST3.dir/_deps/juce-src/modules/juce_audio_plugin_client/juce_audio_plugin_client_VST2.mm.o CMakeFiles/Oscil_VST3.dir/_deps/juce-src/modules/juce_audio_plugin_client/juce_audio_plugin_client_VST3.mm.o  Oscil_artefacts/Debug/liboscil4_SharedCode.a  libOscilBinaryData.a  -framework CoreAudioKit  -framework DiscRecording  -framework CoreAudio  -framework CoreMIDI  -framework AudioToolbox  -framework Accelerate  -framework Foundation  -framework IOKit  -framework Security  -framework Cocoa  -framework QuartzCore  -weak_framework Metal  -weak_framework MetalKit  -framework WebKit  -framework OpenGL && cd /Users/Spare/Documents/code/MultiScoper/build/dev && /opt/homebrew/bin/cmake -E copy /Users/Spare/Documents/code/MultiScoper/build/dev/Oscil_artefacts/JuceLibraryCode/Oscil_VST3/PkgInfo /Users/Spare/Documents/code/MultiScoper/build/dev/Oscil_artefacts/Debug/VST3/oscil4.vst3/Contents && cd /Users/Spare/Documents/code/MultiScoper/build/dev && /opt/homebrew/bin/cmake -Dsrc=/Users/Spare/Documents/code/MultiScoper/build/dev/Oscil_artefacts/Debug/VST3/oscil4.vst3 -P /Users/Spare/Documents/code/MultiScoper/build/dev/_deps/juce-src/extras/Build/CMake/checkBundleSigning.cmake && cd /Users/Spare/Documents/code/MultiScoper/build/dev && /opt/homebrew/bin/cmake -E echo removing\ moduleinfo.json && /opt/homebrew/bin/cmake -E remove -f /Users/Spare/Documents/code/MultiScoper/build/dev/Oscil_artefacts/Debug/VST3/oscil4.vst3/Contents/moduleinfo.json /Users/Spare/Documents/code/MultiScoper/build/dev/Oscil_artefacts/Debug/VST3/oscil4.vst3/Contents/Resources/moduleinfo.json && cd /Users/Spare/Documents/code/MultiScoper/build/dev && /opt/homebrew/bin/cmake -E echo "creating /Users/Spare/Documents/code/MultiScoper/build/dev/Oscil_artefacts/Debug/VST3/oscil4.vst3/Contents/Resources/moduleinfo.json" && /opt/homebrew/bin/cmake -E make_directory /Users/Spare/Documents/code/MultiScoper/build/dev/Oscil_artefacts/Debug/VST3/oscil4.vst3/Contents/Resources && /Users/Spare/Documents/code/MultiScoper/build/dev/juce_vst3_helper -create -version 1.0.0 -path /Users/Spare/Documents/code/MultiScoper/build/dev/Oscil_artefacts/Debug/VST3/oscil4.vst3 -output /Users/Spare/Documents/code/MultiScoper/build/dev/Oscil_artefacts/Debug/VST3/oscil4.vst3/Contents/Resources/moduleinfo.json && cd /Users/Spare/Documents/code/MultiScoper/build/dev && /opt/homebrew/bin/cmake -Dsrc=/Users/Spare/Documents/code/MultiScoper/build/dev/Oscil_artefacts/Debug/VST3/oscil4.vst3 -P /Users/Spare/Documents/code/MultiScoper/build/dev/_deps/juce-src/extras/Build/CMake/checkBundleSigning.cmake && cd /Users/Spare/Documents/code/MultiScoper/build/dev && /opt/homebrew/bin/cmake -Dsrc=/Users/Spare/Documents/code/MultiScoper/build/dev/Oscil_artefacts/Debug/VST3/oscil4.vst3 -Ddest=/Users/Spare/Library/Audio/Plug-Ins/VST3 -P /Users/Spare/Documents/code/MultiScoper/build/dev/_deps/juce-src/extras/Build/CMake/copyDir.cmake
/Users/Spare/Documents/code/MultiScoper/build/dev/Oscil_artefacts/Debug/VST3/oscil4.vst3: code has no resources but signature indicates they must be present
-- Replacing invalid signature with ad-hoc signature
/Users/Spare/Documents/code/MultiScoper/build/dev/Oscil_artefacts/Debug/VST3/oscil4.vst3: replacing existing signature
removing moduleinfo.json
creating /Users/Spare/Documents/code/MultiScoper/build/dev/Oscil_artefacts/Debug/VST3/oscil4.vst3/Contents/Resources/moduleinfo.json
JUCE v8.0.5
-- Destination /Users/Spare/Library/Audio/Plug-Ins/VST3/oscil4.vst3 exists, overwriting
-- Up-to-date: /Users/Spare/Library/Audio/Plug-Ins/VST3/oscil4.vst3
CMake Error at _deps/juce-src/extras/Build/CMake/copyDir.cmake:45 (file):
  file INSTALL cannot set permissions on
  "/Users/Spare/Library/Audio/Plug-Ins/VST3/oscil4.vst3": Operation not
  permitted.


ninja: build stopped: subcommand failed.
