[0/2] Re-checking globbed directories...
[1/2] Re-running CMake...
-- Found ccache: /opt/homebrew/bin/ccache
-- CPM: Adding package JUCE@8.0.5 (8.0.5)
CMake Warning (dev) at /opt/homebrew/share/cmake/Modules/FetchContent.cmake:1963 (message):
  Calling FetchContent_Populate(JUCE) is deprecated, call
  FetchContent_MakeAvailable(JUCE) instead.  Policy CMP0169 can be set to OLD
  to allow FetchContent_Populate(JUCE) to be called directly for now, but the
  ability to call it with declared details will be removed completely in a
  future version.
Call Stack (most recent call first):
  cmake/CPM.cmake:1074 (FetchContent_Populate)
  cmake/CPM.cmake:868 (cpm_fetch_package)
  CMakeLists.txt:94 (CPMAddPackage)
This warning is for project developers.  Use -Wno-dev to suppress it.

-- Configuring juceaide
-- Building juceaide
-- Exporting juceaide
-- Testing juceaide
-- Finished setting up juceaide
-- CPM: Adding package httplib@0.28.0 (v0.28.0)
CMake Warning (dev) at /opt/homebrew/share/cmake/Modules/FetchContent.cmake:1963 (message):
  Calling FetchContent_Populate(httplib) is deprecated, call
  FetchContent_MakeAvailable(httplib) instead.  Policy CMP0169 can be set to
  OLD to allow FetchContent_Populate(httplib) to be called directly for now,
  but the ability to call it with declared details will be removed completely
  in a future version.
Call Stack (most recent call first):
  cmake/CPM.cmake:1074 (FetchContent_Populate)
  cmake/CPM.cmake:868 (cpm_fetch_package)
  CMakeLists.txt:102 (CPMAddPackage)
This warning is for project developers.  Use -Wno-dev to suppress it.

-- CPM: Adding package json@3.11.3 (v3.11.3)
CMake Warning (dev) at /opt/homebrew/share/cmake/Modules/FetchContent.cmake:1963 (message):
  Calling FetchContent_Populate(json) is deprecated, call
  FetchContent_MakeAvailable(json) instead.  Policy CMP0169 can be set to OLD
  to allow FetchContent_Populate(json) to be called directly for now, but the
  ability to call it with declared details will be removed completely in a
  future version.
Call Stack (most recent call first):
  cmake/CPM.cmake:1074 (FetchContent_Populate)
  cmake/CPM.cmake:868 (cpm_fetch_package)
  CMakeLists.txt:109 (CPMAddPackage)
This warning is for project developers.  Use -Wno-dev to suppress it.

-- Using the multi-header code from /Users/Spare/Documents/code/MultiScoper/build/dev/_deps/json-src/include/
-- CPM: Adding package melatonin_inspector@ (origin/main)
CMake Warning (dev) at /opt/homebrew/share/cmake/Modules/FetchContent.cmake:1963 (message):
  Calling FetchContent_Populate(melatonin_inspector) is deprecated, call
  FetchContent_MakeAvailable(melatonin_inspector) instead.  Policy CMP0169
  can be set to OLD to allow FetchContent_Populate(melatonin_inspector) to be
  called directly for now, but the ability to call it with declared details
  will be removed completely in a future version.
Call Stack (most recent call first):
  cmake/CPM.cmake:1074 (FetchContent_Populate)
  cmake/CPM.cmake:868 (cpm_fetch_package)
  CMakeLists.txt:118 (CPMAddPackage)
This warning is for project developers.  Use -Wno-dev to suppress it.

-- CPM: Adding package googletest@1.17.0 (v1.17.0)
CMake Warning (dev) at /opt/homebrew/share/cmake/Modules/FetchContent.cmake:1963 (message):
  Calling FetchContent_Populate(googletest) is deprecated, call
  FetchContent_MakeAvailable(googletest) instead.  Policy CMP0169 can be set
  to OLD to allow FetchContent_Populate(googletest) to be called directly for
  now, but the ability to call it with declared details will be removed
  completely in a future version.
Call Stack (most recent call first):
  cmake/CPM.cmake:1074 (FetchContent_Populate)
  cmake/CPM.cmake:868 (cpm_fetch_package)
  CMakeLists.txt:280 (CPMAddPackage)
This warning is for project developers.  Use -Wno-dev to suppress it.

-- Configuring done (4.2s)
-- Generating done (0.1s)
-- Build files have been written to: /Users/Spare/Documents/code/MultiScoper/build/dev
[0/4] Re-checking globbed directories...
[1/200] Generating juce_binarydata_OscilBinaryData/JuceLibraryCode/BinaryData1.cpp, juce_binarydata_OscilBinaryData/JuceLibraryCode/BinaryData2.cpp, juce_binarydata_OscilBinaryData/JuceLibraryCode/BinaryData3.cpp, juce_binarydata_OscilBinaryData/JuceLibraryCode/BinaryData4.cpp, juce_binarydata_OscilBinaryData/JuceLibraryCode/BinaryData5.cpp, juce_binarydata_OscilBinaryData/JuceLibraryCode/BinaryData6.cpp, juce_binarydata_OscilBinaryData/JuceLibraryCode/BinaryData7.cpp, juce_binarydata_OscilBinaryData/JuceLibraryCode/BinaryData8.cpp, juce_binarydata_OscilBinaryData/JuceLibraryCode/BinaryData9.cpp, juce_binarydata_OscilBinaryData/JuceLibraryCode/BinaryData10.cpp, juce_binarydata_OscilBinaryData/JuceLibraryCode/BinaryData11.cpp, juce_binarydata_OscilBinaryData/JuceLibraryCode/BinaryData12.cpp, juce_binarydata_OscilBinaryData/JuceLibraryCode/BinaryData13.cpp, juce_binarydata_OscilBinaryData/JuceLibraryCode/BinaryData14.cpp, juce_binarydata_OscilBinaryData/JuceLibraryCode/BinaryData15.cpp, juce_binarydata_OscilBinaryData/JuceLibraryCode/BinaryData16.cpp, juce_binarydata_OscilBinaryData/JuceLibraryCode/BinaryData17.cpp, juce_binarydata_OscilBinaryData/JuceLibraryCode/BinaryData18.cpp, juce_binarydata_OscilBinaryData/JuceLibraryCode/BinaryData19.cpp, juce_binarydata_OscilBinaryData/JuceLibraryCode/BinaryData20.cpp, juce_binarydata_OscilBinaryData/JuceLibraryCode/BinaryData21.cpp, juce_binarydata_OscilBinaryData/JuceLibraryCode/BinaryData22.cpp, juce_binarydata_OscilBinaryData/JuceLibraryCode/BinaryData23.cpp, juce_binarydata_OscilBinaryData/JuceLibraryCode/BinaryData24.cpp, juce_binarydata_OscilBinaryData/JuceLibraryCode/BinaryData25.cpp, juce_binarydata_OscilBinaryData/JuceLibraryCode/BinaryData26.cpp, juce_binarydata_OscilBinaryData/JuceLibraryCode/BinaryData27.cpp, juce_binarydata_OscilBinaryData/JuceLibraryCode/BinaryData28.cpp, juce_binarydata_OscilBinaryData/JuceLibraryCode/BinaryData29.cpp, juce_binarydata_OscilBinaryData/JuceLibraryCode/BinaryData30.cpp, juce_binarydata_OscilBinaryData/JuceLibraryCode/BinaryData31.cpp, juce_binarydata_OscilBinaryData/JuceLibraryCode/BinaryData.h
[2/142] Building CXX object CMakeFiles/Oscil.dir/src/core/DecimatingCaptureBuffer.cpp.o
[3/142] Building CXX object CMakeFiles/Oscil.dir/src/rendering/shaders/BasicShader.cpp.o
[4/142] Building CXX object CMakeFiles/Oscil.dir/src/rendering/shaders/DualOutlineShader.cpp.o
[5/142] Building CXX object CMakeFiles/Oscil.dir/src/rendering/shaders/DigitalGlitchShader.cpp.o
[6/142] Building CXX object CMakeFiles/Oscil.dir/src/ui/components/painters/ButtonPainter.cpp.o
[7/142] Building CXX object CMakeFiles/Oscil.dir/src/rendering/shaders/GradientFillShader.cpp.o
[8/142] Building CXX object CMakeFiles/Oscil.dir/src/rendering/effects/BloomEffect.cpp.o
[9/142] Building CXX object CMakeFiles/Oscil.dir/src/rendering/Framebuffer.cpp.o
[10/142] Building CXX object CMakeFiles/Oscil.dir/src/rendering/shaders/PlasmaSineShader.cpp.o
[11/142] Building CXX object CMakeFiles/Oscil.dir/src/rendering/GpuRenderCoordinator.cpp.o
[12/142] Building CXX object CMakeFiles/Oscil.dir/src/plugin/OpenGLLifecycleManager.cpp.o
[13/142] Building CXX object CMakeFiles/Oscil.dir/src/ui/panels/OscillatorListComponent.cpp.o
[14/142] Building CXX object CMakeFiles/Oscil.dir/src/plugin/PluginProcessor.cpp.o
[15/142] Building CXX object CMakeFiles/Oscil.dir/src/plugin/PluginEditor.cpp.o
[16/142] Building CXX object CMakeFiles/Oscil.dir/src/ui/panels/SourceSelectorComponent.cpp.o
[17/142] Building CXX object CMakeFiles/Oscil.dir/src/ui/managers/DisplaySettingsManager.cpp.o
[18/142] Building CXX object CMakeFiles/Oscil.dir/src/ui/layout/PaneContainerComponent.cpp.o
[19/142] Building CXX object CMakeFiles/Oscil.dir/src/ui/panels/OscillatorListItem.cpp.o
[20/142] Building CXX object CMakeFiles/Oscil.dir/src/ui/dialogs/OscillatorConfigDialog.cpp.o
[21/142] Building CXX object CMakeFiles/Oscil.dir/src/ui/dialogs/AddOscillatorDialog.cpp.o
[22/142] Building CXX object CMakeFiles/Oscil.dir/src/ui/layout/PaneComponent.cpp.o
[23/142] Building CXX object CMakeFiles/Oscil.dir/src/ui/layout/sections/TimingSidebarSection.cpp.o
[24/142] Building CXX object CMakeFiles/Oscil.dir/src/ui/managers/DialogManager.cpp.o
[25/142] Building CXX object CMakeFiles/Oscil.dir/src/ui/layout/SidebarComponent.cpp.o
[26/142] Building CXX object CMakeFiles/Oscil.dir/src/ui/layout/PluginEditorLayout.cpp.o
[27/142] Building CXX object CMakeFiles/Oscil.dir/src/ui/controllers/OscillatorPanelController.cpp.o
[28/142] Building CXX object CMakeFiles/Oscil.dir/src/ui/layout/sections/OptionsSection.cpp.o
[29/142] Building CXX object CMakeFiles/Oscil.dir/src/ui/layout/sections/OscillatorSidebarSection.cpp.o
[30/142] Building CXX object CMakeFiles/Oscil.dir/src/ui/layout/pane/WaveformStack.cpp.o
FAILED: [code=1] CMakeFiles/Oscil.dir/src/ui/layout/pane/WaveformStack.cpp.o 
/opt/homebrew/bin/ccache /usr/bin/c++ -DDEBUG=1 -DJUCE_GLOBAL_MODULE_SETTINGS_INCLUDED=1 -DJUCE_MODULE_AVAILABLE_juce_audio_basics=1 -DJUCE_MODULE_AVAILABLE_juce_audio_devices=1 -DJUCE_MODULE_AVAILABLE_juce_audio_formats=1 -DJUCE_MODULE_AVAILABLE_juce_audio_plugin_client=1 -DJUCE_MODULE_AVAILABLE_juce_audio_processors=1 -DJUCE_MODULE_AVAILABLE_juce_audio_utils=1 -DJUCE_MODULE_AVAILABLE_juce_core=1 -DJUCE_MODULE_AVAILABLE_juce_data_structures=1 -DJUCE_MODULE_AVAILABLE_juce_dsp=1 -DJUCE_MODULE_AVAILABLE_juce_events=1 -DJUCE_MODULE_AVAILABLE_juce_graphics=1 -DJUCE_MODULE_AVAILABLE_juce_gui_basics=1 -DJUCE_MODULE_AVAILABLE_juce_gui_extra=1 -DJUCE_MODULE_AVAILABLE_juce_opengl=1 -DJUCE_MODULE_AVAILABLE_melatonin_inspector=1 -DJUCE_REPORT_APP_USAGE=0 -DJUCE_SHARED_CODE=1 -DJUCE_STANDALONE_APPLICATION=JucePlugin_Build_Standalone -DJUCE_STRICT_REFCOUNTEDPOINTER=1 -DJUCE_TARGET_HAS_BINARY_DATA=1 -DJUCE_USE_CURL=0 -DJUCE_VST3_CAN_REPLACE_VST2=0 -DJUCE_WEB_BROWSER=0 -DJucePlugin_AAXCategory=0 -DJucePlugin_AAXDisableBypass=0 -DJucePlugin_AAXDisableMultiMono=0 -DJucePlugin_AAXIdentifier=com.oscilaudio.oscil4 -DJucePlugin_AAXManufacturerCode=JucePlugin_ManufacturerCode -DJucePlugin_AAXProductId=JucePlugin_PluginCode -DJucePlugin_ARACompatibleArchiveIDs=\"\" -DJucePlugin_ARAContentTypes=0 -DJucePlugin_ARADocumentArchiveID=\"com.oscilaudio.oscil4.aradocumentarchive.1\" -DJucePlugin_ARAFactoryID=\"com.oscilaudio.oscil4.arafactory.1.0.0\" -DJucePlugin_ARATransformationFlags=0 -DJucePlugin_AUExportPrefix=oscil4AU -DJucePlugin_AUExportPrefixQuoted=\"oscil4AU\" -DJucePlugin_AUMainType="'aufx'" -DJucePlugin_AUManufacturerCode=JucePlugin_ManufacturerCode -DJucePlugin_AUSubType=JucePlugin_PluginCode -DJucePlugin_Build_AAX=0 -DJucePlugin_Build_AU=1 -DJucePlugin_Build_AUv3=0 -DJucePlugin_Build_LV2=0 -DJucePlugin_Build_Standalone=1 -DJucePlugin_Build_Unity=0 -DJucePlugin_Build_VST3=1 -DJucePlugin_Build_VST=0 -DJucePlugin_CFBundleIdentifier=com.oscilaudio.oscil4 -DJucePlugin_Desc=\"oscil4\" -DJucePlugin_EditorRequiresKeyboardFocus=0 -DJucePlugin_Enable_ARA=0 -DJucePlugin_IsMidiEffect=0 -DJucePlugin_IsSynth=0 -DJucePlugin_Manufacturer=\"OscilAudio\" -DJucePlugin_ManufacturerCode=0x4f736369 -DJucePlugin_ManufacturerEmail=\"\" -DJucePlugin_ManufacturerWebsite=\"\" -DJucePlugin_Name=\"oscil4\" -DJucePlugin_PluginCode=0x4f736331 -DJucePlugin_ProducesMidiOutput=0 -DJucePlugin_VSTCategory=kPlugCategEffect -DJucePlugin_VSTNumMidiInputs=16 -DJucePlugin_VSTNumMidiOutputs=16 -DJucePlugin_VSTUniqueID=JucePlugin_PluginCode -DJucePlugin_Version=1.0.0 -DJucePlugin_VersionCode=0x10000 -DJucePlugin_VersionString=\"1.0.0\" -DJucePlugin_Vst3Category="\"Fx|Analyzer\"" -DJucePlugin_WantsMidiInput=0 -DOSCIL_ENABLE_INSPECTOR=1 -DOSCIL_ENABLE_OPENGL=1 -D_DEBUG=1 -I/Users/Spare/Documents/code/MultiScoper/build/dev/Oscil_artefacts/JuceLibraryCode -I/Users/Spare/Documents/code/MultiScoper/include -I/Users/Spare/Documents/code/MultiScoper/src -I/Users/Spare/Documents/code/MultiScoper/build/dev/_deps/juce-src/modules -I/Users/Spare/Documents/code/MultiScoper/build/dev/_deps/juce-src/modules/juce_audio_processors/format_types/VST3_SDK -I/Users/Spare/Documents/code/MultiScoper/build/dev/_deps/juce-src/modules/juce_audio_processors/format_types/LV2_SDK -I/Users/Spare/Documents/code/MultiScoper/build/dev/_deps/juce-src/modules/juce_audio_processors/format_types/LV2_SDK/lv2 -I/Users/Spare/Documents/code/MultiScoper/build/dev/_deps/juce-src/modules/juce_audio_processors/format_types/LV2_SDK/serd -I/Users/Spare/Documents/code/MultiScoper/build/dev/_deps/juce-src/modules/juce_audio_processors/format_types/LV2_SDK/sord -I/Users/Spare/Documents/code/MultiScoper/build/dev/_deps/juce-src/modules/juce_audio_processors/format_types/LV2_SDK/sord/src -I/Users/Spare/Documents/code/MultiScoper/build/dev/_deps/juce-src/modules/juce_audio_processors/format_types/LV2_SDK/sratom -I/Users/Spare/Documents/code/MultiScoper/build/dev/_deps/juce-src/modules/juce_audio_processors/format_types/LV2_SDK/lilv -I/Users/Spare/Documents/code/MultiScoper/build/dev/_deps/juce-src/modules/juce_audio_processors/format_types/LV2_SDK/lilv/src -I/Users/Spare/Documents/code/MultiScoper/build/dev/juce_binarydata_OscilBinaryData/JuceLibraryCode -I/Users/Spare/Documents/code/MultiScoper/build/dev/_deps/json-src/include -I/Users/Spare/Documents/code/MultiScoper/build/dev -isystem /Users/Spare/Documents/code/MultiScoper/build/dev/_deps/httplib-src -g -std=c++20 -arch arm64 -isysroot /Applications/Xcode.app/Contents/Developer/Platforms/MacOSX.platform/Developer/SDKs/MacOSX26.0.sdk -fPIC -fvisibility=hidden -fvisibility-inlines-hidden -g -O0 -Wall -Wshadow-all -Wshorten-64-to-32 -Wstrict-aliasing -Wuninitialized -Wunused-parameter -Wconversion -Wsign-compare -Wint-conversion -Wconditional-uninitialized -Wconstant-conversion -Wsign-conversion -Wbool-conversion -Wextra-semi -Wunreachable-code -Wcast-align -Wshift-sign-overflow -Wmissing-prototypes -Wnullable-to-nonnull-conversion -Wno-ignored-qualifiers -Wswitch-enum -Wpedantic -Wdeprecated -Wfloat-equal -Wmissing-field-initializers -Wzero-as-null-pointer-constant -Wunused-private-field -Woverloaded-virtual -Wreorder -Winconsistent-missing-destructor-override -Wno-unknown-warning-option -Wno-nontrivial-memcall -Wno-nontrivial-memaccess -Wno-switch-enum -MD -MT CMakeFiles/Oscil.dir/src/ui/layout/pane/WaveformStack.cpp.o -MF CMakeFiles/Oscil.dir/src/ui/layout/pane/WaveformStack.cpp.o.d -o CMakeFiles/Oscil.dir/src/ui/layout/pane/WaveformStack.cpp.o -c /Users/Spare/Documents/code/MultiScoper/src/ui/layout/pane/WaveformStack.cpp
In file included from ../../src/ui/layout/pane/WaveformStack.cpp:5:
../../include/ui/layout/pane/WaveformStack.h:50:19: error: unknown type name 'ServiceContext'
   50 |     WaveformStack(ServiceContext& serviceContext,
      |                   ^
../../include/ui/layout/pane/WaveformStack.h:98:5: error: unknown type name 'ServiceContext'
   98 |     ServiceContext& serviceContext_;
      |     ^
../../src/ui/layout/pane/WaveformStack.cpp:14:16: error: out-of-line definition of 'WaveformStack' does not match any declaration in 'oscil::WaveformStack'
   14 | WaveformStack::WaveformStack(ServiceContext& serviceContext,
      |                ^~~~~~~~~~~~~
../../src/ui/layout/pane/WaveformStack.cpp:19:5: error: cannot initialize object parameter of type 'juce::Component' with an expression of type 'oscil::WaveformStack'
   19 |     setOpaque(false);
      |     ^~~~~~~~~
../../src/ui/layout/pane/WaveformStack.cpp:21:5: error: cannot initialize object parameter of type 'juce::Component' with an expression of type 'oscil::WaveformStack'
   21 |     setInterceptsMouseClicks(false, true);
      |     ^~~~~~~~~~~~~~~~~~~~~~~~
../../src/ui/layout/pane/WaveformStack.cpp:63:5: error: no matching member function for call to 'addChildComponent'
   63 |     addChildComponent(*entry.waveform);
      |     ^~~~~~~~~~~~~~~~~
_deps/juce-src/modules/juce_gui_basics/components/juce_Component.h:735:10: note: candidate function not viable: no known conversion from 'oscil::WaveformStack' to 'juce::Component' for object argument
  735 |     void addChildComponent (Component& child, int zOrder = -1);
      |          ^
_deps/juce-src/modules/juce_gui_basics/components/juce_Component.h:717:10: note: candidate function not viable: no known conversion from 'oscil::WaveformStack' to 'juce::Component' for object argument
  717 |     void addChildComponent (Component* child, int zOrder = -1);
      |          ^
../../src/ui/layout/pane/WaveformStack.cpp:81:13: error: no matching member function for call to 'removeChildComponent'
   81 |             removeChildComponent(it->waveform.get());
      |             ^~~~~~~~~~~~~~~~~~~~
_deps/juce-src/modules/juce_gui_basics/components/juce_Component.h:777:10: note: candidate function not viable: no known conversion from 'oscil::WaveformStack' to 'juce::Component' for object argument
  777 |     void removeChildComponent (Component* childToRemove);
      |          ^
_deps/juce-src/modules/juce_gui_basics/components/juce_Component.h:790:16: note: candidate function not viable: no known conversion from 'oscil::WaveformStack' to 'juce::Component' for object argument
  790 |     Component* removeChildComponent (int childIndexToRemove);
      |                ^
_deps/juce-src/modules/juce_gui_basics/components/juce_Component.h:2714:16: note: candidate function not viable: requires 3 arguments, but 1 was provided
 2714 |     Component* removeChildComponent (int index, bool sendParentEvents, bool sendChildEvents);
      |                ^                     ~~~~~~~~~~~~~~~~~~~~~~~~~~~~~~~~~~~~~~~~~~~~~~~~~~~~~~
../../src/ui/layout/pane/WaveformStack.cpp:95:13: error: no matching member function for call to 'removeChildComponent'
   95 |             removeChildComponent(entry.waveform.get());
      |             ^~~~~~~~~~~~~~~~~~~~
_deps/juce-src/modules/juce_gui_basics/components/juce_Component.h:777:10: note: candidate function not viable: no known conversion from 'oscil::WaveformStack' to 'juce::Component' for object argument
  777 |     void removeChildComponent (Component* childToRemove);
      |          ^
_deps/juce-src/modules/juce_gui_basics/components/juce_Component.h:790:16: note: candidate function not viable: no known conversion from 'oscil::WaveformStack' to 'juce::Component' for object argument
  790 |     Component* removeChildComponent (int childIndexToRemove);
      |                ^
_deps/juce-src/modules/juce_gui_basics/components/juce_Component.h:2714:16: note: candidate function not viable: requires 3 arguments, but 1 was provided
 2714 |     Component* removeChildComponent (int index, bool sendParentEvents, bool sendChildEvents);
      |                ^                     ~~~~~~~~~~~~~~~~~~~~~~~~~~~~~~~~~~~~~~~~~~~~~~~~~~~~~~
../../src/ui/layout/pane/WaveformStack.cpp:270:19: error: cannot initialize object parameter of type 'const juce::Component' with an expression of type 'oscil::WaveformStack'
  270 |     auto bounds = getLocalBounds();
      |                   ^~~~~~~~~~~~~~
9 errors generated.
[31/142] Building CXX object CMakeFiles/Oscil.dir/src/ui/layout/pane/PaneBody.cpp.o
[32/142] Building CXX object CMakeFiles/Oscil.dir/src/tools/test_server/test_runners/WaveformTestRunner.cpp.o
[33/142] Building CXX object CMakeFiles/Oscil.dir/src/tools/test_server/test_runners/LayoutTestRunner.cpp.o
[34/142] Building CXX object CMakeFiles/Oscil.dir/src/tools/test_server/test_runners/SettingsTestRunner.cpp.o
[35/142] Building CXX object CMakeFiles/Oscil.dir/src/tools/test_server/test_runners/RenderingTestRunner.cpp.o
[36/142] Building CXX object CMakeFiles/Oscil.dir/src/tools/test_server/LayoutHandler.cpp.o
[37/142] Building CXX object CMakeFiles/Oscil.dir/src/tools/test_server/TestRunnerHandler.cpp.o
[38/142] Building CXX object CMakeFiles/Oscil.dir/src/tools/test_server/SourceHandler.cpp.o
[39/142] Building CXX object CMakeFiles/Oscil.dir/src/tools/test_server/OscillatorHandler.cpp.o
[40/142] Building CXX object CMakeFiles/Oscil.dir/src/tools/test_server/ScreenshotHandler.cpp.o
[41/142] Building CXX object CMakeFiles/Oscil.dir/src/tools/test_server/PluginTestServer.cpp.o
[42/142] Building CXX object CMakeFiles/Oscil.dir/src/tools/test_server/WaveformHandler.cpp.o
[43/142] Building CXX object CMakeFiles/Oscil.dir/src/tools/test_server/StateHandler.cpp.o
ninja: build stopped: subcommand failed.
