[0/2] Re-checking globbed directories...
[1/10] Building CXX object CMakeFiles/OscilTests.dir/src/rendering/shaders3d/StringTheoryShader.cpp.o
[2/10] Building CXX object CMakeFiles/OscilTests.dir/src/rendering/shaders3d/VectorFlowShader.cpp.o
[3/10] Building CXX object CMakeFiles/Oscil.dir/src/rendering/shaders3d/VectorFlowShader.cpp.o
[4/10] Building CXX object CMakeFiles/Oscil.dir/src/rendering/shaders3d/StringTheoryShader.cpp.o
[5/10] Linking CXX static library Oscil_artefacts/Debug/liboscil4_SharedCode.a
[6/10] Linking CXX executable OscilTests
JUCE v8.0.5
[7/10] Linking CXX executable Oscil_artefacts/Debug/Standalone/oscil4.app/Contents/MacOS/oscil4
[8/10] Linking CXX CFBundle shared module Oscil_artefacts/Debug/AU/oscil4.component/Contents/MacOS/oscil4
FAILED: [code=1] Oscil_artefacts/Debug/AU/oscil4.component/Contents/MacOS/oscil4 
: && /usr/bin/c++ -g -arch arm64 -isysroot /Applications/Xcode.app/Contents/Developer/Platforms/MacOSX.platform/Developer/SDKs/MacOSX26.0.sdk -bundle -Wl,-headerpad_max_install_names -o Oscil_artefacts/Debug/AU/oscil4.component/Contents/MacOS/oscil4 CMakeFiles/Oscil_AU.dir/_deps/juce-src/modules/juce_audio_plugin_client/juce_audio_plugin_client_AAX_utils.cpp.o CMakeFiles/Oscil_AU.dir/_deps/juce-src/modules/juce_audio_plugin_client/juce_audio_plugin_client_ARA.cpp.o CMakeFiles/Oscil_AU.dir/_deps/juce-src/modules/juce_audio_plugin_client/juce_audio_plugin_client_Standalone.cpp.o CMakeFiles/Oscil_AU.dir/_deps/juce-src/modules/juce_audio_plugin_client/juce_audio_plugin_client_Unity.cpp.o CMakeFiles/Oscil_AU.dir/_deps/juce-src/modules/juce_audio_plugin_client/juce_audio_plugin_client_AAX.mm.o CMakeFiles/Oscil_AU.dir/_deps/juce-src/modules/juce_audio_plugin_client/juce_audio_plugin_client_AU_1.mm.o CMakeFiles/Oscil_AU.dir/_deps/juce-src/modules/juce_audio_plugin_client/juce_audio_plugin_client_AU_2.mm.o CMakeFiles/Oscil_AU.dir/_deps/juce-src/modules/juce_audio_plugin_client/juce_audio_plugin_client_AUv3.mm.o CMakeFiles/Oscil_AU.dir/_deps/juce-src/modules/juce_audio_plugin_client/juce_audio_plugin_client_LV2.mm.o CMakeFiles/Oscil_AU.dir/_deps/juce-src/modules/juce_audio_plugin_client/juce_audio_plugin_client_VST2.mm.o CMakeFiles/Oscil_AU.dir/_deps/juce-src/modules/juce_audio_plugin_client/juce_audio_plugin_client_VST3.mm.o  Oscil_artefacts/Debug/liboscil4_SharedCode.a  libOscilBinaryData.a  -framework DiscRecording  -framework CoreAudio  -framework CoreMIDI  -framework AudioToolbox  -framework Accelerate  -framework Foundation  -framework IOKit  -framework Security  -framework Cocoa  -framework QuartzCore  -weak_framework Metal  -weak_framework MetalKit  -framework WebKit  -framework OpenGL  -framework AudioUnit  -framework CoreAudioKit && cd /Users/Spare/Documents/code/MultiScoper/build/dev && /opt/homebrew/bin/cmake -E copy /Users/Spare/Documents/code/MultiScoper/build/dev/Oscil_artefacts/JuceLibraryCode/Oscil_AU/PkgInfo /Users/Spare/Documents/code/MultiScoper/build/dev/Oscil_artefacts/Debug/AU/oscil4.component/Contents && cd /Users/Spare/Documents/code/MultiScoper/build/dev && /opt/homebrew/bin/cmake -Dsrc=/Users/Spare/Documents/code/MultiScoper/build/dev/Oscil_artefacts/Debug/AU/oscil4.component -P /Users/Spare/Documents/code/MultiScoper/build/dev/_deps/juce-src/extras/Build/CMake/checkBundleSigning.cmake && cd /Users/Spare/Documents/code/MultiScoper/build/dev && /opt/homebrew/bin/cmake -Dsrc=/Users/Spare/Documents/code/MultiScoper/build/dev/Oscil_artefacts/Debug/AU/oscil4.component -Ddest=/Users/Spare/Library/Audio/Plug-Ins/Components -P /Users/Spare/Documents/code/MultiScoper/build/dev/_deps/juce-src/extras/Build/CMake/copyDir.cmake
/Users/Spare/Documents/code/MultiScoper/build/dev/Oscil_artefacts/Debug/AU/oscil4.component: code has no resources but signature indicates they must be present
-- Replacing invalid signature with ad-hoc signature
/Users/Spare/Documents/code/MultiScoper/build/dev/Oscil_artefacts/Debug/AU/oscil4.component: replacing existing signature
-- Destination /Users/Spare/Library/Audio/Plug-Ins/Components/oscil4.component exists, overwriting
-- Up-to-date: /Users/Spare/Library/Audio/Plug-Ins/Components/oscil4.component
CMake Error at _deps/juce-src/extras/Build/CMake/copyDir.cmake:45 (file):
  file INSTALL cannot set permissions on
  "/Users/Spare/Library/Audio/Plug-Ins/Components/oscil4.component":
  Operation not permitted.


[9/10] Linking CXX CFBundle shared module Oscil_artefacts/Debug/VST3/oscil4.vst3/Contents/MacOS/oscil4
FAILED: [code=1] Oscil_artefacts/Debug/VST3/oscil4.vst3/Contents/MacOS/oscil4 
: && /usr/bin/c++ -g -arch arm64 -isysroot /Applications/Xcode.app/Contents/Developer/Platforms/MacOSX.platform/Developer/SDKs/MacOSX26.0.sdk -bundle -Wl,-headerpad_max_install_names -o Oscil_artefacts/Debug/VST3/oscil4.vst3/Contents/MacOS/oscil4 CMakeFiles/Oscil_VST3.dir/_deps/juce-src/modules/juce_audio_plugin_client/juce_audio_plugin_client_AAX_utils.cpp.o CMakeFiles/Oscil_VST3.dir/_deps/juce-src/modules/juce_audio_plugin_client/juce_audio_plugin_client_ARA.cpp.o CMakeFiles/Oscil_VST3.dir/_deps/juce-src/modules/juce_audio_plugin_client/juce_audio_plugin_client_Standalone.cpp.o CMakeFiles/Oscil_VST3.dir/_deps/juce-src/modules/juce_audio_plugin_client/juce_audio_plugin_client_Unity.cpp.o CMakeFiles/Oscil_VST3.dir/_deps/juce-src/modules/juce_audio_plugin_client/juce_audio_plugin_client_AAX.mm.o CMakeFiles/Oscil_VST3.dir/_deps/juce-src/modules/juce_audio_plugin_client/juce_audio_plugin_client_AU_1.mm.o CMakeFiles/Oscil_VST3.dir/_deps/juce-src/modules/juce_audio_plugin_client/juce_audio_plugin_client_AU_2.mm.o CMakeFiles/Oscil_VST3.dir/_deps/juce-src/modules/juce_audio_plugin_client/juce_audio_plugin_client_AUv3.mm.o CMakeFiles/Oscil_VST3.dir/_deps/juce-src/modules/juce_audio_plugin_client/juce_audio_plugin_client_LV2.mm.o CMakeFiles/Oscil_VST3.dir/_deps/juce-src/modules/juce_audio_plugin_client/juce_audio_plugin_client_VST2.mm.o CMakeFiles/Oscil_VST3.dir/_deps/juce-src/modules/juce_audio_plugin_client/juce_audio_plugin_client_VST3.mm.o  Oscil_artefacts/Debug/liboscil4_SharedCode.a  libOscilBinaryData.a  -framework CoreAudioKit  -framework DiscRecording  -framework CoreAudio  -framework CoreMIDI  -framework AudioToolbox  -framework Accelerate  -framework Foundation  -framework IOKit  -framework Security  -framework Cocoa  -framework QuartzCore  -weak_framework Metal  -weak_framework MetalKit  -framework WebKit  -framework OpenGL && cd /Users/Spare/Documents/code/MultiScoper/build/dev && /opt/homebrew/bin/cmake -E copy /Users/Spare/Documents/code/MultiScoper/build/dev/Oscil_artefacts/JuceLibraryCode/Oscil_VST3/PkgInfo /Users/Spare/Documents/code/MultiScoper/build/dev/Oscil_artefacts/Debug/VST3/oscil4.vst3/Contents && cd /Users/Spare/Documents/code/MultiScoper/build/dev && /opt/homebrew/bin/cmake -Dsrc=/Users/Spare/Documents/code/MultiScoper/build/dev/Oscil_artefacts/Debug/VST3/oscil4.vst3 -P /Users/Spare/Documents/code/MultiScoper/build/dev/_deps/juce-src/extras/Build/CMake/checkBundleSigning.cmake && cd /Users/Spare/Documents/code/MultiScoper/build/dev && /opt/homebrew/bin/cmake -E echo removing\ moduleinfo.json && /opt/homebrew/bin/cmake -E remove -f /Users/Spare/Documents/code/MultiScoper/build/dev/Oscil_artefacts/Debug/VST3/oscil4.vst3/Contents/moduleinfo.json /Users/Spare/Documents/code/MultiScoper/build/dev/Oscil_artefacts/Debug/VST3/oscil4.vst3/Contents/Resources/moduleinfo.json && cd /Users/Spare/Documents/code/MultiScoper/build/dev && /opt/homebrew/bin/cmake -E echo "creating /Users/Spare/Documents/code/MultiScoper/build/dev/Oscil_artefacts/Debug/VST3/oscil4.vst3/Contents/Resources/moduleinfo.json" && /opt/homebrew/bin/cmake -E make_directory /Users/Spare/Documents/code/MultiScoper/build/dev/Oscil_artefacts/Debug/VST3/oscil4.vst3/Contents/Resources && /Users/Spare/Documents/code/MultiScoper/build/dev/juce_vst3_helper -create -version 1.0.0 -path /Users/Spare/Documents/code/MultiScoper/build/dev/Oscil_artefacts/Debug/VST3/oscil4.vst3 -output /Users/Spare/Documents/code/MultiScoper/build/dev/Oscil_artefacts/Debug/VST3/oscil4.vst3/Contents/Resources/moduleinfo.json && cd /Users/Spare/Documents/code/MultiScoper/build/dev && /opt/homebrew/bin/cmake -Dsrc=/Users/Spare/Documents/code/MultiScoper/build/dev/Oscil_artefacts/Debug/VST3/oscil4.vst3 -P /Users/Spare/Documents/code/MultiScoper/build/dev/_deps/juce-src/extras/Build/CMake/checkBundleSigning.cmake && cd /Users/Spare/Documents/code/MultiScoper/build/dev && /opt/homebrew/bin/cmake -Dsrc=/Users/Spare/Documents/code/MultiScoper/build/dev/Oscil_artefacts/Debug/VST3/oscil4.vst3 -Ddest=/Users/Spare/Library/Audio/Plug-Ins/VST3 -P /Users/Spare/Documents/code/MultiScoper/build/dev/_deps/juce-src/extras/Build/CMake/copyDir.cmake
/Users/Spare/Documents/code/MultiScoper/build/dev/Oscil_artefacts/Debug/VST3/oscil4.vst3: code has no resources but signature indicates they must be present
-- Replacing invalid signature with ad-hoc signature
/Users/Spare/Documents/code/MultiScoper/build/dev/Oscil_artefacts/Debug/VST3/oscil4.vst3: replacing existing signature
removing moduleinfo.json
creating /Users/Spare/Documents/code/MultiScoper/build/dev/Oscil_artefacts/Debug/VST3/oscil4.vst3/Contents/Resources/moduleinfo.json
JUCE v8.0.5
-- Destination /Users/Spare/Library/Audio/Plug-Ins/VST3/oscil4.vst3 exists, overwriting
-- Up-to-date: /Users/Spare/Library/Audio/Plug-Ins/VST3/oscil4.vst3
CMake Error at _deps/juce-src/extras/Build/CMake/copyDir.cmake:45 (file):
  file INSTALL cannot set permissions on
  "/Users/Spare/Library/Audio/Plug-Ins/VST3/oscil4.vst3": Operation not
  permitted.


ninja: build stopped: subcommand failed.
