JUCE v8.0.5
Oscil Test Harness started
HTTP API available at: http://localhost:8765
Health check: http://localhost:8765/health
[FLOW:GENERATION] Track 0 processing block 0. Amp=0.5
[FLOW:GENERATION] Generated RMS=0.0419654 (Ch0)
[FLOW:GENERATION] Track 1 processing block 100. Amp=0.5
[FLOW:GENERATION] Generated RMS=0.430412 (Ch0)
[FLOW:GENERATION] Track 2 processing block 200. Amp=0.5
[FLOW:GENERATION] Generated RMS=0.456689 (Ch0)
[FLOW:GENERATION] Track 0 processing block 300. Amp=0.5
[FLOW:GENERATION] Generated RMS=0.432366 (Ch0)
[FLOW:GENERATION] Track 1 processing block 400. Amp=0.5
[FLOW:GENERATION] Generated RMS=0.472602 (Ch0)
[FLOW:GENERATION] Track 2 processing block 500. Amp=0.5
[FLOW:GENERATION] Generated RMS=0.475494 (Ch0)
[FLOW:GENERATION] Track 0 processing block 600. Amp=0.5
[FLOW:GENERATION] Generated RMS=0.414358 (Ch0)
[FLOW:GENERATION] Track 1 processing block 700. Amp=0.5
[FLOW:GENERATION] Generated RMS=0.493716 (Ch0)
[FLOW:GENERATION] Track 2 processing block 800. Amp=0.5
[FLOW:GENERATION] Generated RMS=0.488903 (Ch0)
[FLOW:GENERATION] Track 0 processing block 900. Amp=0.5
[FLOW:GENERATION] Generated RMS=0.0731884 (Ch0)
[HTTP IN] GET /health
[HTTP IN] POST /transport/play
[HTTP IN] POST /state/reset
[FLOW:GENERATION] Track 1 processing block 1000. Amp=0.5
[FLOW:GENERATION] Generated RMS=0.492737 (Ch0)
[FLOW:GENERATION] Track 2 processing block 1100. Amp=0.5
[FLOW:GENERATION] Generated RMS=0.496758 (Ch0)
[HTTP IN] POST /state/oscillator/add
[HTTP] handleStateAddOscillator: Received color='#00FF00' Parsed=FF00FF00 Alpha=255
[FLOW:GENERATION] Track 0 processing block 1200. Amp=0.5
[FLOW:GENERATION] Generated RMS=0.475567 (Ch0)
[HTTP IN] POST /track/0/showEditor
[DEBUG] handleTrackShowEditor called
[DEBUG] trackId = 0
[DEBUG] track = valid
[DEBUG] isEditorVisible = 0
[DEBUG] Calling callAsync to show editor
[DEBUG] callAsync queued, preparing response
[DEBUG] Sending success response
[DEBUG] Response sent
[DEBUG] callAsync executing on message thread
[GL] WaveformGLRenderer CREATED
WaveformGLRenderer created
[GL] setContext called, context=valid
GPU rendering enabled - OpenGL context attached
WaveformGLRenderer: Cleared all waveforms
[DEBUG] showTrackEditor completed
WaveformGLRenderer: Registered waveform 1
[GL] === newOpenGLContextCreated CALLED ===
WaveformGLRenderer: OpenGL context created
RenderBootstrapper: Blit shader compiled, sourceTexture uniform=0
RenderBootstrapper: Composite shader compiled, sourceTexture uniform=0
FramebufferPool: Initialized 1200x800
[BASIC] compile() called, already compiled=0
[BASIC] Compiling shaders (GLSL 3.30 Core)...
[BASIC] Vertex shader compiled OK
[BASIC] Fragment shader compiled OK
[BASIC] Shader compiled and linked successfully
[BASIC] Uniform locations - projection=1, baseColor=5, opacity=0, glowIntensity=6
[BASIC] Created VAO=2, VBO=2
[BASIC] Shader fully initialized, compiled=true
[RenderEngine] WaveformPass: Compiled essential 'basic' shader
ParticleSystem: Initialized with capacity 10000
[FLOW:GENERATION] Track 1 processing block 1300. Amp=0.5
[FLOW:GENERATION] Generated RMS=0.469713 (Ch0)
[FLOW:GENERATION] Track 2 processing block 1400. Amp=0.5
[FLOW:GENERATION] Generated RMS=0.498969 (Ch0)
EnvironmentMapManager: Initialized
EnvironmentMapManager: Created map 'default_studio' (256x256)
EnvironmentMapManager: Created map 'studio' (256x256)
EnvironmentMapManager: Created map 'neon' (256x256)
EnvironmentMapManager: Created map 'cyber_space' (256x256)
EnvironmentMapManager: Created map 'dark' (256x256)
EnvironmentMapManager: Created map 'sunset' (256x256)
EnvironmentMapManager: Created map 'abstract' (256x256)
[RenderEngine] RenderEngine: Initialized 1200x800
[GL] RenderEngine initialized successfully
WaveformGLRenderer: RenderEngine initialized
[GL] contextReady_ set to TRUE
FramebufferPool: Resized to 2400x1600
[RenderEngine] RenderEngine: Resized to 2400x1600
[RenderEngine] RenderEngine: Registered waveform 1
[FLOW:GENERATION] Track 0 processing block 1500. Amp=0.5
[FLOW:GENERATION] Generated RMS=0.345868 (Ch0)
[FLOW:GENERATION] Track 1 processing block 1600. Amp=0.5
[FLOW:GENERATION] Generated RMS=0.425751 (Ch0)
[GL] renderOpenGL: 1 waveforms, 1 registered, viewport=2400x1600, renderEngine=active
[GL]   Waveform 1: bounds=(6,30,888x740), ch1=1776, ch2=1776, isStereo=1, visible=1, preset=default
[RenderEngine] beginFrame: dt=0.00873883
[BASIC] render() called, compiled=1, ch1 size=1776
[BASIC] Drawing ch1: 3552 verts, bounds=(6,30,888x740), posLoc=1, distLoc=0
[BASIC] Draw completed OK
[BASIC] Drawing ch2: isStereo=1, ch2 size=1776
[BASIC] Drawing ch2: 3552 verts, centerY2=585
[FLOW:GENERATION] Track 2 processing block 1700. Amp=0.5
[FLOW:GENERATION] Generated RMS=0.495512 (Ch0)
[GL] renderOpenGL: 1 waveforms, 1 registered, viewport=2400x1600, renderEngine=active
[GL]   Waveform 1: bounds=(6,30,888x740), ch1=1776, ch2=1776, isStereo=1, visible=1, preset=default
[RenderEngine] beginFrame: dt=0.00568121
[BASIC] render() called, compiled=1, ch1 size=1776
[BASIC] Drawing ch1: 3552 verts, bounds=(6,30,888x740), posLoc=1, distLoc=0
[BASIC] Draw completed OK
[BASIC] Drawing ch2: isStereo=1, ch2 size=1776
[BASIC] Drawing ch2: 3552 verts, centerY2=585
[FLOW:GENERATION] Track 0 processing block 1800. Amp=0.5
[FLOW:GENERATION] Generated RMS=0.174584 (Ch0)
[GL] renderOpenGL: 1 waveforms, 1 registered, viewport=2400x1600, renderEngine=active
[GL]   Waveform 1: bounds=(6,30,888x740), ch1=1776, ch2=1776, isStereo=1, visible=1, preset=default
[RenderEngine] beginFrame: dt=0.00675125
[BASIC] render() called, compiled=1, ch1 size=1776
[BASIC] Drawing ch1: 3552 verts, bounds=(6,30,888x740), posLoc=1, distLoc=0
[BASIC] Draw completed OK
[BASIC] Drawing ch2: isStereo=1, ch2 size=1776
[BASIC] Drawing ch2: 3552 verts, centerY2=585
[FLOW:GENERATION] Track 1 processing block 1900. Amp=0.5
[FLOW:GENERATION] Generated RMS=0.363007 (Ch0)
[FLOW:GENERATION] Track 2 processing block 2000. Amp=0.5
[FLOW:GENERATION] Generated RMS=0.486425 (Ch0)
[GL] renderOpenGL: 1 waveforms, 1 registered, viewport=2400x1600, renderEngine=active
[GL]   Waveform 1: bounds=(6,30,888x740), ch1=1776, ch2=1776, isStereo=1, visible=1, preset=default
[RenderEngine] beginFrame: dt=0.007466
[BASIC] render() called, compiled=1, ch1 size=1776
[BASIC] Drawing ch1: 3552 verts, bounds=(6,30,888x740), posLoc=1, distLoc=0
[BASIC] Draw completed OK
[BASIC] Drawing ch2: isStereo=1, ch2 size=1776
[BASIC] Drawing ch2: 3552 verts, centerY2=585
[HTTP IN] POST /ui/click
[FLOW:GENERATION] Track 0 processing block 2100. Amp=0.5
[FLOW:GENERATION] Generated RMS=0.497177 (Ch0)
[GL] renderOpenGL: 1 waveforms, 1 registered, viewport=2400x1600, renderEngine=active
[GL]   Waveform 1: bounds=(6,30,888x740), ch1=1776, ch2=1776, isStereo=1, visible=1, preset=default
[RenderEngine] beginFrame: dt=0.00569225
[BASIC] render() called, compiled=1, ch1 size=1776
[BASIC] Drawing ch1: 3552 verts, bounds=(6,30,888x740), posLoc=1, distLoc=0
[BASIC] Draw completed OK
[BASIC] Drawing ch2: isStereo=1, ch2 size=1776
[BASIC] Drawing ch2: 3552 verts, centerY2=585
[HTTP IN] GET /state/oscillators
[HTTP IN] GET /state/oscillators
[HTTP IN] GET /track/0/info
[HTTP IN] POST /track/0/audio
[FLOW:GENERATION] Track 1 processing block 2200. Amp=0.5
[FLOW:GENERATION] Generated RMS=0.28472 (Ch0)
[FLOW:GENERATION] Track 2 processing block 2300. Amp=0.5
[FLOW:GENERATION] Generated RMS=0.471814 (Ch0)
[GL] renderOpenGL: 1 waveforms, 1 registered, viewport=2400x1600, renderEngine=active
[GL]   Waveform 1: bounds=(6,30,888x740), ch1=1776, ch2=1776, isStereo=1, visible=1, preset=default
[RenderEngine] beginFrame: dt=0.0139435
[BASIC] render() called, compiled=1, ch1 size=1776
[BASIC] Drawing ch1: 3552 verts, bounds=(6,30,888x740), posLoc=1, distLoc=0
[BASIC] Draw completed OK
[BASIC] Drawing ch2: isStereo=1, ch2 size=1776
[BASIC] Drawing ch2: 3552 verts, centerY2=585
[FLOW:GENERATION] Track 0 processing block 2400. Amp=1
[FLOW:GENERATION] Generated RMS=0.719263 (Ch0)
[GL] renderOpenGL: 1 waveforms, 1 registered, viewport=2400x1600, renderEngine=active
[GL]   Waveform 1: bounds=(6,30,888x740), ch1=1776, ch2=1776, isStereo=1, visible=1, preset=default
[RenderEngine] beginFrame: dt=0.00517129
[BASIC] render() called, compiled=1, ch1 size=1776
[BASIC] Drawing ch1: 3552 verts, bounds=(6,30,888x740), posLoc=1, distLoc=0
[BASIC] Draw completed OK
[BASIC] Drawing ch2: isStereo=1, ch2 size=1776
[BASIC] Drawing ch2: 3552 verts, centerY2=585
[FLOW:GENERATION] Track 1 processing block 2500. Amp=0.5
[FLOW:GENERATION] Generated RMS=0.195607 (Ch0)
[GL] renderOpenGL: 1 waveforms, 1 registered, viewport=2400x1600, renderEngine=active
[GL]   Waveform 1: bounds=(6,30,888x740), ch1=1776, ch2=1776, isStereo=1, visible=1, preset=default
[RenderEngine] beginFrame: dt=0.0050565
[BASIC] render() called, compiled=1, ch1 size=1776
[BASIC] Drawing ch1: 3552 verts, bounds=(6,30,888x740), posLoc=1, distLoc=0
[BASIC] Draw completed OK
[BASIC] Drawing ch2: isStereo=1, ch2 size=1776
[BASIC] Drawing ch2: 3552 verts, centerY2=585
[FLOW:GENERATION] Track 2 processing block 2600. Amp=0.5
[FLOW:GENERATION] Generated RMS=0.451847 (Ch0)
[FLOW:GENERATION] Track 0 processing block 2700. Amp=1
[FLOW:GENERATION] Generated RMS=0.672839 (Ch0)
[GL] renderOpenGL: 1 waveforms, 1 registered, viewport=2400x1600, renderEngine=active
[GL]   Waveform 1: bounds=(6,30,888x740), ch1=1776, ch2=1776, isStereo=1, visible=1, preset=default
[RenderEngine] beginFrame: dt=0.00566813
[BASIC] render() called, compiled=1, ch1 size=1776
[BASIC] Drawing ch1: 3552 verts, bounds=(6,30,888x740), posLoc=1, distLoc=0
[BASIC] Draw completed OK
[BASIC] Drawing ch2: isStereo=1, ch2 size=1776
[BASIC] Drawing ch2: 3552 verts, centerY2=585
[HTTP IN] GET /ui/elements
[HTTP IN] GET /analyze/internal
[HTTP ERROR] Internal server error on GET /analyze/internal (status: 404)
[HTTP IN] GET /state/oscillators
[HTTP IN] GET /ui/elements
[HTTP IN] POST /state/oscillator/update
[HTTP] handleStateUpdateOscillator: Received color='#FF0000' Parsed=FFFF0000 Alpha=255
[HTTP IN] GET /state/oscillators
[HTTP IN] GET /analyze/internal
[HTTP ERROR] Internal server error on GET /analyze/internal (status: 404)
[HTTP IN] GET /state/oscillators
[HTTP IN] GET /state/oscillators
[HTTP IN] GET /track/0/info
[HTTP IN] GET /ui/elements
[HTTP IN] POST /track/0/audio
[FLOW:GENERATION] Track 1 processing block 2800. Amp=0.5
[FLOW:GENERATION] Generated RMS=0.105192 (Ch0)
[GL] renderOpenGL: 1 waveforms, 1 registered, viewport=2400x1600, renderEngine=active
[GL]   Waveform 1: bounds=(6,30,888x740), ch1=1776, ch2=1776, isStereo=1, visible=1, preset=default
[RenderEngine] beginFrame: dt=0.00853575
[BASIC] render() called, compiled=1, ch1 size=1776
[BASIC] Drawing ch1: 3552 verts, bounds=(6,30,888x740), posLoc=1, distLoc=0
[BASIC] Draw completed OK
[BASIC] Drawing ch2: isStereo=1, ch2 size=1776
[BASIC] Drawing ch2: 3552 verts, centerY2=585
[FLOW:GENERATION] Track 2 processing block 2900. Amp=0.5
[FLOW:GENERATION] Generated RMS=0.426757 (Ch0)
[GL] renderOpenGL: 1 waveforms, 1 registered, viewport=2400x1600, renderEngine=active
[GL]   Waveform 1: bounds=(6,30,888x740), ch1=1776, ch2=1776, isStereo=1, visible=1, preset=default
[RenderEngine] beginFrame: dt=0.00625637
[BASIC] render() called, compiled=1, ch1 size=1776
[BASIC] Drawing ch1: 3552 verts, bounds=(6,30,888x740), posLoc=1, distLoc=0
[BASIC] Draw completed OK
[BASIC] Drawing ch2: isStereo=1, ch2 size=1776
[BASIC] Drawing ch2: 3552 verts, centerY2=585
[FLOW:GENERATION] Track 0 processing block 3000. Amp=1
[FLOW:GENERATION] Generated RMS=0.738701 (Ch0)
[FLOW:GENERATION] Track 1 processing block 3100. Amp=0.5
[FLOW:GENERATION] Generated RMS=0.0660974 (Ch0)
[GL] renderOpenGL: 1 waveforms, 1 registered, viewport=2400x1600, renderEngine=active
[GL]   Waveform 1: bounds=(6,30,888x740), ch1=1776, ch2=1776, isStereo=1, visible=1, preset=default
[RenderEngine] beginFrame: dt=0.0049445
[BASIC] render() called, compiled=1, ch1 size=1776
[BASIC] Drawing ch1: 3552 verts, bounds=(6,30,888x740), posLoc=1, distLoc=0
[BASIC] Draw completed OK
[BASIC] Drawing ch2: isStereo=1, ch2 size=1776
[BASIC] Drawing ch2: 3552 verts, centerY2=585
[FLOW:GENERATION] Track 2 processing block 3200. Amp=0.5
[FLOW:GENERATION] Generated RMS=0.396836 (Ch0)
[GL] renderOpenGL: 1 waveforms, 1 registered, viewport=2400x1600, renderEngine=active
[GL]   Waveform 1: bounds=(6,30,888x740), ch1=1776, ch2=1776, isStereo=1, visible=1, preset=default
[RenderEngine] beginFrame: dt=0.00657488
[BASIC] render() called, compiled=1, ch1 size=1776
[BASIC] Drawing ch1: 3552 verts, bounds=(6,30,888x740), posLoc=1, distLoc=0
[BASIC] Draw completed OK
[BASIC] Drawing ch2: isStereo=1, ch2 size=1776
[BASIC] Drawing ch2: 3552 verts, centerY2=585
[FLOW:GENERATION] Track 0 processing block 3300. Amp=1
[FLOW:GENERATION] Generated RMS=0.75185 (Ch0)
[GL] renderOpenGL: 1 waveforms, 1 registered, viewport=2400x1600, renderEngine=active
[GL]   Waveform 1: bounds=(6,30,888x740), ch1=1776, ch2=1776, isStereo=1, visible=1, preset=default
[RenderEngine] beginFrame: dt=0.00531167
[BASIC] render() called, compiled=1, ch1 size=1776
[BASIC] Drawing ch1: 3552 verts, bounds=(6,30,888x740), posLoc=1, distLoc=0
[BASIC] Draw completed OK
[BASIC] Drawing ch2: isStereo=1, ch2 size=1776
[BASIC] Drawing ch2: 3552 verts, centerY2=585
[FLOW:GENERATION] Track 1 processing block 3400. Amp=0.5
[FLOW:GENERATION] Generated RMS=0.139203 (Ch0)
[FLOW:GENERATION] Track 2 processing block 3500. Amp=0.5
[FLOW:GENERATION] Generated RMS=0.362433 (Ch0)
[GL] renderOpenGL: 1 waveforms, 1 registered, viewport=2400x1600, renderEngine=active
[GL]   Waveform 1: bounds=(6,30,888x740), ch1=1776, ch2=1776, isStereo=1, visible=1, preset=default
[RenderEngine] beginFrame: dt=0.0143507
[BASIC] render() called, compiled=1, ch1 size=1776
[BASIC] Drawing ch1: 3552 verts, bounds=(6,30,888x740), posLoc=1, distLoc=0
[BASIC] Draw completed OK
[BASIC] Drawing ch2: isStereo=1, ch2 size=1776
[BASIC] Drawing ch2: 3552 verts, centerY2=585
[HTTP IN] GET /analyze/internal
[HTTP ERROR] Internal server error on GET /analyze/internal (status: 404)
[HTTP IN] GET /state/oscillators
[HTTP IN] GET /state/oscillators
[HTTP IN] GET /track/0/info
[HTTP IN] GET /ui/elements
[HTTP IN] POST /track/0/audio
[HTTP IN] GET /analyze/internal
[HTTP ERROR] Internal server error on GET /analyze/internal (status: 404)
