JUCE v8.0.5
[FLOW:REGISTRY] Source registered: ID=659e3f1c9a644c309b2a556f219eedff TrackID=ae900bc50238417e9a87ecac7ea71efc Buffer=0x71ccd85b8 Name=Oscil
[Processor] Registered SourceId=659e3f1c9a644c309b2a556f219eedff BufferPtr=0x71d0281f8
[FLOW:REGISTRY] Source registered: ID=865e108f0a9248b59736c5f985e428fd TrackID=35548a44947f4bffa20576c19531e437 Buffer=0x71ccd8798 Name=Oscil
[Processor] Registered SourceId=865e108f0a9248b59736c5f985e428fd BufferPtr=0x71d0283d8
[FLOW:REGISTRY] Source registered: ID=d66e5ffdc076497ca34bbcc9264c4d85 TrackID=20eac8424c274eeca0ea9dace03a7781 Buffer=0x71ccd8978 Name=Oscil
[Processor] Registered SourceId=d66e5ffdc076497ca34bbcc9264c4d85 BufferPtr=0x71d0285b8
Oscil Test Harness started
HTTP API available at: http://localhost:8765
Health check: http://localhost:8765/health
[FLOW:GENERATION] Track 0 processing block 0. Amp=0.5
[FLOW:GENERATION] Generated RMS=0.0419654 (Ch0)
[FLOW:PROCESSOR] Block 0 | Ch=2 Samples=512 RMS=0.0419654 | SR=44100 | SourceId=659e3f1c9a644c309b2a556f219eedff
[FLOW:BUFFER] Writing 256 samples (2 ch) to buffer 0x71d0281f8 | Pos=0
[HTTP IN] GET /health
[HTTP IN] POST /transport/play
[HTTP IN] POST /state/reset
[FLOW:GENERATION] Track 1 processing block 100. Amp=0.5
[FLOW:GENERATION] Generated RMS=0.430412 (Ch0)
[FLOW:PROCESSOR] Block 100 | Ch=2 Samples=512 RMS=0.430412 | SR=44100 | SourceId=865e108f0a9248b59736c5f985e428fd
[FLOW:BUFFER] Writing 256 samples (2 ch) to buffer 0x71d0283d8 | Pos=8448
[HTTP IN] POST /state/oscillator/add
[HTTP] handleStateAddOscillator: Received color='#00FF00' Parsed=FF00FF00 Alpha=255
[FLOW:GENERATION] Track 2 processing block 200. Amp=0.5
[FLOW:GENERATION] Generated RMS=0.456689 (Ch0)
[FLOW:PROCESSOR] Block 200 | Ch=2 Samples=512 RMS=0.456689 | SR=44100 | SourceId=d66e5ffdc076497ca34bbcc9264c4d85
[FLOW:BUFFER] Writing 256 samples (2 ch) to buffer 0x71d0285b8 | Pos=16896
[HTTP IN] POST /track/0/showEditor
[DEBUG] handleTrackShowEditor called
[DEBUG] trackId = 0
[DEBUG] track = valid
[DEBUG] isEditorVisible = 0
[DEBUG] Calling callAsync to show editor
[DEBUG] callAsync queued, preparing response
[DEBUG] callAsync executing on message thread
[DEBUG] Sending success response
[DEBUG] Response sent
[GL] WaveformGLRenderer CREATED
WaveformGLRenderer created
[GL] setContext called, context=valid
GPU rendering enabled - OpenGL context attached
WaveformGLRenderer: Cleared all waveforms
Syncing panes: 1 panes, 1 oscillators
[OscillatorPanelController] Syncing 1 panes, 1 oscillators
[WaveformComponent] Created with ID: 1
[WaveformPresenter] setCaptureBuffer Ptr=0x71ccd85b8
[DEBUG] showTrackEditor completed
[FLOW:GENERATION] Track 0 processing block 300. Amp=0.5
[FLOW:GENERATION] Generated RMS=0.432366 (Ch0)
[FLOW:PROCESSOR] Block 300 | Ch=2 Samples=512 RMS=0.432366 | SR=44100 | SourceId=659e3f1c9a644c309b2a556f219eedff
[FLOW:BUFFER] Writing 256 samples (2 ch) to buffer 0x71d0281f8 | Pos=25600
WaveformGLRenderer: Registered waveform 1
[FLOW:RENDERER] UpdateWaveform ID=1 Visible=1 Samples=1776 Color=FF00FF00 Opacity=1
[GL] === newOpenGLContextCreated CALLED ===
WaveformGLRenderer: OpenGL context created
RenderBootstrapper: Blit shader compiled, sourceTexture uniform=0
RenderBootstrapper: Composite shader compiled, sourceTexture uniform=0
FramebufferPool: Initialized 1200x800 (LDR)
[BASIC] compile() called, already compiled=0
[BASIC] Compiling shaders (GLSL 3.30 Core)...
[BASIC] Vertex shader compiled OK
[BASIC] Fragment shader compiled OK
[BASIC] Shader compiled and linked successfully
[BASIC] Uniform locations - projection=1, baseColor=5, opacity=0, glowIntensity=6
[BASIC] Created VAO=2, VBO=2
[RenderEngine] WaveformPass: Pre-compiled basic shader (others compile on-demand)
ParticleSystem: Initialized with capacity 10000
[FLOW:GENERATION] Track 1 processing block 400. Amp=0.5
[FLOW:GENERATION] Generated RMS=0.472602 (Ch0)
[FLOW:PROCESSOR] Block 400 | Ch=2 Samples=512 RMS=0.472602 | SR=44100 | SourceId=865e108f0a9248b59736c5f985e428fd
[FLOW:BUFFER] Writing 256 samples (2 ch) to buffer 0x71d0283d8 | Pos=34048
[FLOW:GENERATION] Track 2 processing block 500. Amp=0.5
[FLOW:GENERATION] Generated RMS=0.475494 (Ch0)
[FLOW:PROCESSOR] Block 500 | Ch=2 Samples=512 RMS=0.475494 | SR=44100 | SourceId=d66e5ffdc076497ca34bbcc9264c4d85
[FLOW:BUFFER] Writing 256 samples (2 ch) to buffer 0x71d0285b8 | Pos=42496
EnvironmentMapManager: Initialized
EnvironmentMapManager: Created map 'default_studio' (256x256)
EnvironmentMapManager: Created map 'studio' (256x256)
EnvironmentMapManager: Created map 'neon' (256x256)
EnvironmentMapManager: Created map 'cyber_space' (256x256)
EnvironmentMapManager: Created map 'dark' (256x256)
EnvironmentMapManager: Created map 'sunset' (256x256)
EnvironmentMapManager: Created map 'abstract' (256x256)
[RenderEngine] RenderEngine: Initialized 1200x800
[GL] RenderEngine initialized successfully
WaveformGLRenderer: RenderEngine initialized
[RenderEngine] RenderEngine: Registered waveform 1
[FLOW:PRESENTER] Reading from Buffer=0x71ccd85b8 | Request=11025 | Read=11025/11025 | Mode=0
[WaveformPresenter] Processed 11025 samples. Peak: 0.518282, AutoScale: 1, Scale: 1.51288
[FLOW:COMPONENT] PopulateGL ID=1 Bounds=6 30 888 740 Samples=1776 Color=FF00FF00 Opacity=1
[FLOW:RENDERER] UpdateWaveform ID=1 Visible=1 Samples=1776 Color=FF00FF00 Opacity=1
[FLOW:GENERATION] Track 0 processing block 600. Amp=0.5
[FLOW:GENERATION] Generated RMS=0.414358 (Ch0)
[FLOW:PROCESSOR] Block 600 | Ch=2 Samples=512 RMS=0.414358 | SR=44100 | SourceId=659e3f1c9a644c309b2a556f219eedff
[FLOW:BUFFER] Writing 256 samples (2 ch) to buffer 0x71d0281f8 | Pos=51200
[FLOW:GENERATION] Track 1 processing block 700. Amp=0.5
[FLOW:GENERATION] Generated RMS=0.493716 (Ch0)
[FLOW:PROCESSOR] Block 700 | Ch=2 Samples=512 RMS=0.493716 | SR=44100 | SourceId=865e108f0a9248b59736c5f985e428fd
[FLOW:BUFFER] Writing 256 samples (2 ch) to buffer 0x71d0283d8 | Pos=59648
[RenderEngine] beginFrame: dt=0.0166667
[BASIC] render() called, compiled=1, ch1 size=1776
[BASIC] Drawing ch1: 3552 verts
[BASIC] Drawing ch2: 3552 verts
[FLOW:GENERATION] Track 2 processing block 800. Amp=0.5
[FLOW:GENERATION] Generated RMS=0.488903 (Ch0)
[FLOW:PROCESSOR] Block 800 | Ch=2 Samples=512 RMS=0.488903 | SR=44100 | SourceId=d66e5ffdc076497ca34bbcc9264c4d85
[FLOW:BUFFER] Writing 256 samples (2 ch) to buffer 0x71d0285b8 | Pos=68096
[RenderEngine] beginFrame: dt=0.0166667
[BASIC] render() called, compiled=1, ch1 size=1776
[BASIC] Drawing ch1: 3552 verts
[BASIC] Drawing ch2: 3552 verts
[FLOW:PRESENTER] Reading from Buffer=0x71ccd85b8 | Request=11025 | Read=11025/11025 | Mode=0
[WaveformPresenter] Processed 11025 samples. Peak: 0.518282, AutoScale: 1, Scale: 1.66997
[FLOW:COMPONENT] PopulateGL ID=1 Bounds=6 30 888 740 Samples=1776 Color=FF00FF00 Opacity=1
[FLOW:RENDERER] UpdateWaveform ID=1 Visible=1 Samples=1776 Color=FF00FF00 Opacity=1
[FLOW:GENERATION] Track 0 processing block 900. Amp=0.5
[FLOW:GENERATION] Generated RMS=0.0731884 (Ch0)
[FLOW:PROCESSOR] Block 900 | Ch=2 Samples=512 RMS=0.0731884 | SR=44100 | SourceId=659e3f1c9a644c309b2a556f219eedff
[FLOW:BUFFER] Writing 256 samples (2 ch) to buffer 0x71d0281f8 | Pos=76800
[RenderEngine] beginFrame: dt=0.0166667
[BASIC] render() called, compiled=1, ch1 size=1776
[BASIC] Drawing ch1: 3552 verts
[BASIC] Drawing ch2: 3552 verts
[FLOW:GENERATION] Track 1 processing block 1000. Amp=0.5
[FLOW:GENERATION] Generated RMS=0.492737 (Ch0)
[FLOW:PROCESSOR] Block 1000 | Ch=2 Samples=512 RMS=0.492737 | SR=44100 | SourceId=865e108f0a9248b59736c5f985e428fd
[FLOW:BUFFER] Writing 256 samples (2 ch) to buffer 0x71d0283d8 | Pos=85248
[HTTP IN] POST /ui/click
[FLOW:GENERATION] Track 2 processing block 1100. Amp=0.5
[FLOW:GENERATION] Generated RMS=0.496758 (Ch0)
[FLOW:PROCESSOR] Block 1100 | Ch=2 Samples=512 RMS=0.496758 | SR=44100 | SourceId=d66e5ffdc076497ca34bbcc9264c4d85
[FLOW:BUFFER] Writing 256 samples (2 ch) to buffer 0x71d0285b8 | Pos=93696
[RenderEngine] beginFrame: dt=0.0166667
[BASIC] render() called, compiled=1, ch1 size=1776
[BASIC] Drawing ch1: 3552 verts
[BASIC] Drawing ch2: 3552 verts
[FLOW:PRESENTER] Reading from Buffer=0x71ccd85b8 | Request=11025 | Read=11025/11025 | Mode=0
[WaveformPresenter] Processed 11025 samples. Peak: 0.518282, AutoScale: 1, Scale: 1.71671
[FLOW:COMPONENT] PopulateGL ID=1 Bounds=6 30 888 740 Samples=1776 Color=FF00FF00 Opacity=1
[FLOW:RENDERER] UpdateWaveform ID=1 Visible=1 Samples=1776 Color=FF00FF00 Opacity=1
[FLOW:GENERATION] Track 0 processing block 1200. Amp=0.5
[FLOW:GENERATION] Generated RMS=0.475567 (Ch0)
[FLOW:PROCESSOR] Block 1200 | Ch=2 Samples=512 RMS=0.475567 | SR=44100 | SourceId=659e3f1c9a644c309b2a556f219eedff
[FLOW:BUFFER] Writing 256 samples (2 ch) to buffer 0x71d0281f8 | Pos=102400
[HTTP IN] GET /state/oscillators
[HTTP IN] GET /state/oscillators
[HTTP IN] GET /track/0/info
[HTTP IN] POST /track/0/audio
[RenderEngine] beginFrame: dt=0.0166667
[BASIC] render() called, compiled=1, ch1 size=1776
[BASIC] Drawing ch1: 3552 verts
[BASIC] Drawing ch2: 3552 verts
[FLOW:GENERATION] Track 1 processing block 1300. Amp=0.5
[FLOW:GENERATION] Generated RMS=0.469713 (Ch0)
[FLOW:PROCESSOR] Block 1300 | Ch=2 Samples=512 RMS=0.469713 | SR=44100 | SourceId=865e108f0a9248b59736c5f985e428fd
[FLOW:BUFFER] Writing 256 samples (2 ch) to buffer 0x71d0283d8 | Pos=110848
[RenderEngine] beginFrame: dt=0.0166667
[BASIC] render() called, compiled=1, ch1 size=1776
[BASIC] Drawing ch1: 3552 verts
[BASIC] Drawing ch2: 3552 verts
[FLOW:PRESENTER] Reading from Buffer=0x71ccd85b8 | Request=11025 | Read=11025/11025 | Mode=0
[WaveformPresenter] Processed 11025 samples. Peak: 1.03656, AutoScale: 1, Scale: 0.868261
[FLOW:COMPONENT] PopulateGL ID=1 Bounds=6 30 888 740 Samples=1776 Color=FF00FF00 Opacity=1
[FLOW:GENERATION] Track 2 processing block 1400. Amp=0.5
[FLOW:GENERATION] Generated RMS=0.498969 (Ch0)
[FLOW:PROCESSOR] Block 1400 | Ch=2 Samples=512 RMS=0.498969 | SR=44100 | SourceId=d66e5ffdc076497ca34bbcc9264c4d85
[FLOW:BUFFER] Writing 256 samples (2 ch) to buffer 0x71d0285b8 | Pos=119296
[FLOW:RENDERER] UpdateWaveform ID=1 Visible=1 Samples=1776 Color=FF00FF00 Opacity=1
[FLOW:GENERATION] Track 0 processing block 1500. Amp=1
[FLOW:GENERATION] Generated RMS=0.689077 (Ch0)
[FLOW:PROCESSOR] Block 1500 | Ch=2 Samples=512 RMS=0.689077 | SR=44100 | SourceId=659e3f1c9a644c309b2a556f219eedff
[FLOW:BUFFER] Writing 256 samples (2 ch) to buffer 0x71d0281f8 | Pos=128000
[RenderEngine] beginFrame: dt=0.0166667
[BASIC] render() called, compiled=1, ch1 size=1776
[BASIC] Drawing ch1: 3552 verts
[BASIC] Drawing ch2: 3552 verts
[FLOW:GENERATION] Track 1 processing block 1600. Amp=0.5
[FLOW:GENERATION] Generated RMS=0.425751 (Ch0)
[FLOW:PROCESSOR] Block 1600 | Ch=2 Samples=512 RMS=0.425751 | SR=44100 | SourceId=865e108f0a9248b59736c5f985e428fd
[FLOW:BUFFER] Writing 256 samples (2 ch) to buffer 0x71d0283d8 | Pos=5376
[RenderEngine] beginFrame: dt=0.0166667
[BASIC] render() called, compiled=1, ch1 size=1776
[BASIC] Drawing ch1: 3552 verts
[BASIC] Drawing ch2: 3552 verts
[FLOW:PRESENTER] Reading from Buffer=0x71ccd85b8 | Request=11025 | Read=11025/11025 | Mode=0
[WaveformPresenter] Processed 11025 samples. Peak: 1.03656, AutoScale: 1, Scale: 0.868261
[FLOW:COMPONENT] PopulateGL ID=1 Bounds=6 30 888 740 Samples=1776 Color=FF00FF00 Opacity=1
[FLOW:RENDERER] UpdateWaveform ID=1 Visible=1 Samples=1776 Color=FF00FF00 Opacity=1
[FLOW:GENERATION] Track 2 processing block 1700. Amp=0.5
[FLOW:GENERATION] Generated RMS=0.495512 (Ch0)
[FLOW:PROCESSOR] Block 1700 | Ch=2 Samples=512 RMS=0.495512 | SR=44100 | SourceId=d66e5ffdc076497ca34bbcc9264c4d85
[FLOW:BUFFER] Writing 256 samples (2 ch) to buffer 0x71d0285b8 | Pos=13824
[HTTP IN] GET /ui/elements
[HTTP IN] GET /analyze/internal
[RenderEngine] RenderEngine: Center pixel: B=0 G=0 R=0 A=0
[RenderEngine] RenderEngine: Frame captured from waveformFBO
[RenderEngine] beginFrame: dt=0.0166667
[BASIC] render() called, compiled=1, ch1 size=1776
[BASIC] Drawing ch1: 3552 verts
[BASIC] Drawing ch2: 3552 verts
[HTTP IN] GET /state/oscillators
[HTTP IN] GET /ui/elements
[HTTP IN] POST /state/oscillator/update
[HTTP] handleStateUpdateOscillator: Received color='#FF0000' Parsed=FFFF0000 Alpha=255
[HTTP IN] GET /state/oscillators
[HTTP IN] GET /analyze/internal
[RenderEngine] RenderEngine: Center pixel: B=0 G=0 R=0 A=0
[RenderEngine] RenderEngine: Frame captured from waveformFBO
[FLOW:GENERATION] Track 0 processing block 1800. Amp=1
[FLOW:GENERATION] Generated RMS=0.736146 (Ch0)
[FLOW:PROCESSOR] Block 1800 | Ch=2 Samples=512 RMS=0.736146 | SR=44100 | SourceId=659e3f1c9a644c309b2a556f219eedff
[FLOW:BUFFER] Writing 256 samples (2 ch) to buffer 0x71d0281f8 | Pos=22528
[FLOW:GENERATION] Track 1 processing block 1900. Amp=0.5
[FLOW:GENERATION] Generated RMS=0.363007 (Ch0)
[FLOW:PROCESSOR] Block 1900 | Ch=2 Samples=512 RMS=0.363007 | SR=44100 | SourceId=865e108f0a9248b59736c5f985e428fd
[FLOW:BUFFER] Writing 256 samples (2 ch) to buffer 0x71d0283d8 | Pos=30976
[RenderEngine] beginFrame: dt=0.0166667
[BASIC] render() called, compiled=1, ch1 size=1776
[BASIC] Drawing ch1: 3552 verts
[BASIC] Drawing ch2: 3552 verts
[HTTP IN] GET /state/oscillators
[HTTP IN] GET /analyze/internal
[RenderEngine] RenderEngine: Center pixel: B=0 G=0 R=0 A=0
[RenderEngine] RenderEngine: Frame captured from waveformFBO
[FLOW:PRESENTER] Reading from Buffer=0x71ccd85b8 | Request=11025 | Read=11025/11025 | Mode=0
[WaveformPresenter] Processed 11025 samples. Peak: 1.03656, AutoScale: 1, Scale: 0.868261
[FLOW:COMPONENT] PopulateGL ID=1 Bounds=6 30 888 740 Samples=1776 Color=FFFF0000 Opacity=1
[FLOW:RENDERER] UpdateWaveform ID=1 Visible=1 Samples=1776 Color=FFFF0000 Opacity=1
[HTTP IN] POST /state/oscillator/update
[HTTP] handleStateUpdateOscillator: Received color='#0000FF' Parsed=FF0000FF Alpha=255
[HTTP IN] GET /state/oscillators
[HTTP IN] GET /analyze/internal
[RenderEngine] RenderEngine: Center pixel: B=0 G=0 R=0 A=0
[RenderEngine] RenderEngine: Frame captured from waveformFBO
[FLOW:GENERATION] Track 2 processing block 2000. Amp=0.5
[FLOW:GENERATION] Generated RMS=0.486425 (Ch0)
[FLOW:PROCESSOR] Block 2000 | Ch=2 Samples=512 RMS=0.486425 | SR=44100 | SourceId=d66e5ffdc076497ca34bbcc9264c4d85
[FLOW:BUFFER] Writing 256 samples (2 ch) to buffer 0x71d0285b8 | Pos=39424
[RenderEngine] beginFrame: dt=0.0166667
[BASIC] render() called, compiled=1, ch1 size=1776
[BASIC] Drawing ch1: 3552 verts
[BASIC] Drawing ch2: 3552 verts
[HTTP IN] GET /state/oscillators
[HTTP IN] GET /analyze/internal
[RenderEngine] RenderEngine: Center pixel: B=0 G=0 R=0 A=0
[RenderEngine] RenderEngine: Frame captured from waveformFBO
[FLOW:GENERATION] Track 0 processing block 2100. Amp=1
[FLOW:GENERATION] Generated RMS=0.742497 (Ch0)
[FLOW:PROCESSOR] Block 2100 | Ch=2 Samples=512 RMS=0.742497 | SR=44100 | SourceId=659e3f1c9a644c309b2a556f219eedff
[FLOW:BUFFER] Writing 256 samples (2 ch) to buffer 0x71d0281f8 | Pos=48128
[HTTP IN] GET /state/oscillators
[HTTP IN] GET /state/oscillators
[HTTP IN] GET /track/0/info
[HTTP IN] GET /ui/elements
[HTTP IN] POST /track/0/audio
[RenderEngine] beginFrame: dt=0.0166667
[BASIC] render() called, compiled=1, ch1 size=1776
[BASIC] Drawing ch1: 3552 verts
[BASIC] Drawing ch2: 3552 verts
[FLOW:GENERATION] Track 1 processing block 2200. Amp=0.5
[FLOW:GENERATION] Generated RMS=0.28472 (Ch0)
[FLOW:PROCESSOR] Block 2200 | Ch=2 Samples=512 RMS=0.28472 | SR=44100 | SourceId=865e108f0a9248b59736c5f985e428fd
[FLOW:BUFFER] Writing 256 samples (2 ch) to buffer 0x71d0283d8 | Pos=56576
[FLOW:PRESENTER] Reading from Buffer=0x71ccd85b8 | Request=11025 | Read=11025/11025 | Mode=0
[WaveformPresenter] Processed 11025 samples. Peak: 1.03656, AutoScale: 1, Scale: 0.868255
[FLOW:COMPONENT] PopulateGL ID=1 Bounds=6 30 888 740 Samples=1776 Color=FF0000FF Opacity=1
[FLOW:RENDERER] UpdateWaveform ID=1 Visible=1 Samples=1776 Color=FF0000FF Opacity=1
[FLOW:GENERATION] Track 2 processing block 2300. Amp=0.5
[FLOW:GENERATION] Generated RMS=0.471814 (Ch0)
[FLOW:PROCESSOR] Block 2300 | Ch=2 Samples=512 RMS=0.471814 | SR=44100 | SourceId=d66e5ffdc076497ca34bbcc9264c4d85
[FLOW:BUFFER] Writing 256 samples (2 ch) to buffer 0x71d0285b8 | Pos=65024
[RenderEngine] beginFrame: dt=0.0166667
[BASIC] render() called, compiled=1, ch1 size=1776
[BASIC] Drawing ch1: 3552 verts
[BASIC] Drawing ch2: 3552 verts
[FLOW:GENERATION] Track 0 processing block 2400. Amp=1
[FLOW:GENERATION] Generated RMS=0.664651 (Ch0)
[FLOW:PROCESSOR] Block 2400 | Ch=2 Samples=512 RMS=0.664651 | SR=44100 | SourceId=659e3f1c9a644c309b2a556f219eedff
[FLOW:BUFFER] Writing 256 samples (2 ch) to buffer 0x71d0281f8 | Pos=73728
[RenderEngine] beginFrame: dt=0.0166667
[BASIC] render() called, compiled=1, ch1 size=1776
[BASIC] Drawing ch1: 3552 verts
[BASIC] Drawing ch2: 3552 verts
[FLOW:PRESENTER] Reading from Buffer=0x71ccd85b8 | Request=11025 | Read=11025/11025 | Mode=0
[WaveformPresenter] Processed 11025 samples. Peak: 1.03656, AutoScale: 1, Scale: 0.868255
[FLOW:COMPONENT] PopulateGL ID=1 Bounds=6 30 888 740 Samples=1776 Color=FF0000FF Opacity=1
[FLOW:RENDERER] UpdateWaveform ID=1 Visible=1 Samples=1776 Color=FF0000FF Opacity=1
[FLOW:GENERATION] Track 1 processing block 2500. Amp=0.5
[FLOW:GENERATION] Generated RMS=0.195607 (Ch0)
[FLOW:PROCESSOR] Block 2500 | Ch=2 Samples=512 RMS=0.195607 | SR=44100 | SourceId=865e108f0a9248b59736c5f985e428fd
[FLOW:BUFFER] Writing 256 samples (2 ch) to buffer 0x71d0283d8 | Pos=82176
