JUCE v8.0.5
Oscil Test Harness started
HTTP API available at: http://localhost:8765
Health check: http://localhost:8765/health
[HTTP IN] GET /health
[HTTP IN] GET /health
[HTTP IN] POST /state/reset
[HTTP IN] POST /track/0/showEditor
[DEBUG] handleTrackShowEditor called
[DEBUG] trackId = 0
[DEBUG] track = valid
[DEBUG] isEditorVisible = 0
[DEBUG] Calling callAsync to show editor
[DEBUG] callAsync queued, preparing response
[DEBUG] callAsync executing on message thread
[DEBUG] Sending success response
[DEBUG] Response sent
OscilAccordionSection::setExpanded() - title: TIMING, current: 0, new: 1
OscilAccordionSection::setExpanded() - title: OPTIONS, current: 0, new: 1
[GL] WaveformGLRenderer CREATED
WaveformGLRenderer created
[GL] setContext called, context=valid
GPU rendering enabled - OpenGL context attached
[DEBUG] showTrackEditor completed
WaveformGLRenderer: Cleared all waveforms
[GL] === newOpenGLContextCreated CALLED ===
WaveformGLRenderer: OpenGL context created
WaveformGLRenderer: Compiling shaders...
WaveformGLRenderer: Registered waveform 2
ElectricFlowerShader: Compiled successfully
LiquidChromeShader: Compiled successfully
WireframeMeshShader: Compiled successfully
VolumetricRibbonShader: Compiled successfully
GlassRefractionShader: Compiled successfully
[BASIC] compile() called, already compiled=0
[BASIC] Compiling shaders (GLSL 3.30 Core)...
[BASIC] Vertex shader compiled OK
[BASIC] Fragment shader compiled OK
[BASIC] Shader compiled and linked successfully
[BASIC] Uniform locations - projection=1, baseColor=5, opacity=0, glowIntensity=6
[BASIC] Created VAO=14, VBO=18
[BASIC] Shader fully initialized, compiled=true
WaveformGLRenderer: Shaders compiled successfully
Framebuffer: Created 1200x800 FBO=1 Texture=1 Depth=2
Framebuffer: Created 1200x800 FBO=2 Texture=3 Depth=0
Framebuffer: Created 1200x800 FBO=3 Texture=4 Depth=0
FramebufferPool: Initialized 1200x800
Framebuffer: Created 1200x800 FBO=4 Texture=5 Depth=0
RenderEngine: Blit shader compiled, sourceTexture uniform=0
GlitchEffect: Compiled successfully
DistortionEffect: Compiled successfully
ScanlineEffect: Compiled successfully
ColorGradeEffect: Compiled successfully
RadialBlurEffect: Compiled successfully
ChromaticAberrationEffect: Compiled successfully
VignetteEffect: Missing uniforms
RenderEngine: Failed to compile effect: vignette
FilmGrainEffect: Compiled successfully
TrailsEffect: Compiled successfully
RenderEngine: Initialized 9/10 effects
ParticleSystem: Initialized with capacity 10000
EnvironmentMapManager: Initialized
EnvironmentMapManager: Created map 'default_studio' (256x256)
EnvironmentMapManager: Created map 'studio' (256x256)
EnvironmentMapManager: Created map 'neon' (256x256)
EnvironmentMapManager: Created map 'cyber_space' (256x256)
EnvironmentMapManager: Created map 'dark' (256x256)
EnvironmentMapManager: Created map 'sunset' (256x256)
[HTTP IN] GET /ui/elements
EnvironmentMapManager: Created map 'abstract' (256x256)
RenderEngine: Created 7 environment maps
RenderEngine: Initialized 1200x800
[GL] RenderEngine initialized successfully
WaveformGLRenderer: RenderEngine initialized
[GL] contextReady_ set to TRUE
Framebuffer: Created 2400x1600 FBO=1 Texture=1 Depth=2
Framebuffer: Created 2400x1600 FBO=2 Texture=3 Depth=0
Framebuffer: Created 2400x1600 FBO=3 Texture=4 Depth=0
FramebufferPool: Resized to 2400x1600
Framebuffer: Created 2400x1600 FBO=4 Texture=5 Depth=0
RenderEngine: Resized to 2400x1600
RenderEngine: Registered waveform 2
[HTTP IN] GET /state/oscillators
[HTTP IN] GET /ui/element/sidebar
[HTTP IN] GET /ui/element/sidebar_addOscillator
[HTTP IN] POST /ui/click
[GL] renderOpenGL: 1 waveforms, 1 registered, viewport=2400x1600, renderEngine=active
[GL]   Waveform 2: bounds=(6,30,888x740), ch1=1776, ch2=1776, isStereo=1, visible=1, preset=default
[RenderEngine] beginFrame: dt=0.00731758, sceneFBO valid=1 (2400x1600)
[RenderEngine] renderWaveform: id=2, visible=1, ch1 size=1776, bounds=(6,30,888x740), initialized=1
[RenderEngine]   -> calling renderWaveformComplete
[RenderEngine] renderWaveformComplete: presetId=default, shaderType=0, bloom=0, trails=0, vignette=0
[RenderEngine] renderWaveformGeometry: shaderId=basic, shader=found
[RenderEngine]   -> rendering with shader, bounds=(6,30,888x740)
[BASIC] render() called, compiled=1, ch1 size=1776
[BASIC] Drawing ch1: 3552 verts, bounds=(6,30,888x740), posLoc=1, distLoc=0
[BASIC] Draw completed OK
[BASIC] Drawing ch2: isStereo=1, ch2 size=1776
[BASIC] Drawing ch2: 3552 verts, centerY2=585
[RenderEngine] Compositing to scene, current FBO valid=1
[RenderEngine] blitToScreen: viewport=2400x1600, sceneFBO valid=1, blitTextureLoc=0
[RenderEngine]   quad draw OK
[GL] renderOpenGL: 1 waveforms, 1 registered, viewport=2400x1600, renderEngine=active
[GL]   Waveform 2: bounds=(6,30,888x740), ch1=1776, ch2=1776, isStereo=1, visible=1, preset=default
[RenderEngine] beginFrame: dt=0.00933579, sceneFBO valid=1 (2400x1600)
[RenderEngine] renderWaveform: id=2, visible=1, ch1 size=1776, bounds=(6,30,888x740), initialized=1
[RenderEngine]   -> calling renderWaveformComplete
[RenderEngine] renderWaveformComplete: presetId=default, shaderType=0, bloom=0, trails=0, vignette=0
[RenderEngine] renderWaveformGeometry: shaderId=basic, shader=found
[RenderEngine]   -> rendering with shader, bounds=(6,30,888x740)
[BASIC] render() called, compiled=1, ch1 size=1776
[BASIC] Drawing ch1: 3552 verts, bounds=(6,30,888x740), posLoc=1, distLoc=0
[BASIC] Draw completed OK
[BASIC] Drawing ch2: isStereo=1, ch2 size=1776
[BASIC] Drawing ch2: 3552 verts, centerY2=585
[RenderEngine] Compositing to scene, current FBO valid=1
[RenderEngine] blitToScreen: viewport=2400x1600, sceneFBO valid=1, blitTextureLoc=0
[RenderEngine]   quad draw OK
[HTTP IN] GET /ui/element/addOscillatorDialog
[HTTP IN] GET /state/sources
[HTTP IN] GET /ui/element/addOscillatorDialog_sourceDropdown
[HTTP IN] POST /ui/select
[HTTP IN] GET /state/panes
[HTTP IN] GET /ui/element/addOscillatorDialog_paneDropdown
[HTTP IN] POST /ui/select
[GL] renderOpenGL: 1 waveforms, 1 registered, viewport=2400x1600, renderEngine=active
[GL]   Waveform 2: bounds=(6,30,888x740), ch1=1776, ch2=1776, isStereo=1, visible=1, preset=default
[RenderEngine] beginFrame: dt=0.0145785, sceneFBO valid=1 (2400x1600)
[RenderEngine] renderWaveform: id=2, visible=1, ch1 size=1776, bounds=(6,30,888x740), initialized=1
[RenderEngine]   -> calling renderWaveformComplete
[RenderEngine] renderWaveformComplete: presetId=default, shaderType=0, bloom=0, trails=0, vignette=0
[RenderEngine] renderWaveformGeometry: shaderId=basic, shader=found
[RenderEngine]   -> rendering with shader, bounds=(6,30,888x740)
[BASIC] render() called, compiled=1, ch1 size=1776
[BASIC] Drawing ch1: 3552 verts, bounds=(6,30,888x740), posLoc=1, distLoc=0
[BASIC] Draw completed OK
[BASIC] Drawing ch2: isStereo=1, ch2 size=1776
[BASIC] Drawing ch2: 3552 verts, centerY2=585
[RenderEngine] Compositing to scene, current FBO valid=1
[RenderEngine] blitToScreen: viewport=2400x1600, sceneFBO valid=1, blitTextureLoc=0
[RenderEngine]   quad draw OK
[HTTP IN] GET /ui/element/addOscillatorDialog_nameField
[HTTP IN] POST /ui/clearText
[GL] renderOpenGL: 1 waveforms, 1 registered, viewport=2400x1600, renderEngine=active
[GL]   Waveform 2: bounds=(6,30,888x740), ch1=1776, ch2=1776, isStereo=1, visible=1, preset=default
[RenderEngine] beginFrame: dt=0.00832704, sceneFBO valid=1 (2400x1600)
[RenderEngine] renderWaveform: id=2, visible=1, ch1 size=1776, bounds=(6,30,888x740), initialized=1
[RenderEngine]   -> calling renderWaveformComplete
[RenderEngine] renderWaveformComplete: presetId=default, shaderType=0, bloom=0, trails=0, vignette=0
[RenderEngine] renderWaveformGeometry: shaderId=basic, shader=found
[RenderEngine]   -> rendering with shader, bounds=(6,30,888x740)
[BASIC] render() called, compiled=1, ch1 size=1776
[BASIC] Drawing ch1: 3552 verts, bounds=(6,30,888x740), posLoc=1, distLoc=0
[BASIC] Draw completed OK
[BASIC] Drawing ch2: isStereo=1, ch2 size=1776
[BASIC] Drawing ch2: 3552 verts, centerY2=585
[HTTP IN] POST /ui/typeText
[RenderEngine] Compositing to scene, current FBO valid=1
[RenderEngine] blitToScreen: viewport=2400x1600, sceneFBO valid=1, blitTextureLoc=0
[RenderEngine]   quad draw OK
[HTTP IN] GET /ui/element/addOscillatorDialog_colorSwatches
[HTTP ERROR] Internal server error on GET /ui/element/addOscillatorDialog_colorSwatches (status: 404)
[HTTP IN] GET /ui/element/addOscillatorDialog_okBtn
[HTTP IN] POST /ui/click
WaveformGLRenderer: Cleared all waveforms
WaveformGLRenderer: Cleared all waveforms
WaveformGLRenderer: Registered waveform 5
WaveformGLRenderer: Registered waveform 6
RenderEngine: Registered waveform 6
RenderEngine: Registered waveform 5
[RenderEngine] renderWaveform: id=6, visible=1, ch1 size=1776, bounds=(6,400,888x370), initialized=1
[RenderEngine]   -> calling renderWaveformComplete
[RenderEngine] renderWaveformComplete: presetId=default, shaderType=0, bloom=0, trails=0, vignette=0
[RenderEngine] renderWaveformGeometry: shaderId=basic, shader=found
[RenderEngine]   -> rendering with shader, bounds=(6,400,888x370)
[BASIC] render() called, compiled=1, ch1 size=1776
[BASIC] Drawing ch1: 3552 verts, bounds=(6,400,888x370), posLoc=1, distLoc=0
[BASIC] Draw completed OK
[BASIC] Drawing ch2: isStereo=1, ch2 size=1776
[BASIC] Drawing ch2: 3552 verts, centerY2=677.5
[RenderEngine] Compositing to scene, current FBO valid=1
[GL] renderOpenGL: 2 waveforms, 2 registered, viewport=2400x1600, renderEngine=active
[GL]   Waveform 6: bounds=(6,400,888x370), ch1=1776, ch2=1776, isStereo=1, visible=1, preset=default
[GL]   Waveform 5: bounds=(6,30,888x370), ch1=1776, ch2=1776, isStereo=1, visible=1, preset=default
[RenderEngine] beginFrame: dt=0.00780208, sceneFBO valid=1 (2400x1600)
[RenderEngine] blitToScreen: viewport=2400x1600, sceneFBO valid=1, blitTextureLoc=0
[RenderEngine]   quad draw OK
[RenderEngine] renderWaveform: id=6, visible=1, ch1 size=1776, bounds=(6,400,888x370), initialized=1
[RenderEngine]   -> calling renderWaveformComplete
[RenderEngine] renderWaveformComplete: presetId=default, shaderType=0, bloom=0, trails=0, vignette=0
[RenderEngine] renderWaveformGeometry: shaderId=basic, shader=found
[RenderEngine]   -> rendering with shader, bounds=(6,400,888x370)
[BASIC] render() called, compiled=1, ch1 size=1776
[BASIC] Drawing ch1: 3552 verts, bounds=(6,400,888x370), posLoc=1, distLoc=0
[BASIC] Draw completed OK
[BASIC] Drawing ch2: isStereo=1, ch2 size=1776
[BASIC] Drawing ch2: 3552 verts, centerY2=677.5
[RenderEngine] Compositing to scene, current FBO valid=1
[HTTP IN] GET /ui/element/addOscillatorDialog
[HTTP IN] GET /state/oscillators
[RenderEngine] renderWaveform: id=6, visible=1, ch1 size=1776, bounds=(6,400,888x370), initialized=1
[RenderEngine]   -> calling renderWaveformComplete
[RenderEngine] renderWaveformComplete: presetId=default, shaderType=0, bloom=0, trails=0, vignette=0
[RenderEngine] renderWaveformGeometry: shaderId=basic, shader=found
[RenderEngine]   -> rendering with shader, bounds=(6,400,888x370)
[BASIC] render() called, compiled=1, ch1 size=1776
[BASIC] Drawing ch1: 3552 verts, bounds=(6,400,888x370), posLoc=1, distLoc=0
[BASIC] Draw completed OK
[BASIC] Drawing ch2: isStereo=1, ch2 size=1776
[BASIC] Drawing ch2: 3552 verts, centerY2=677.5
[RenderEngine] Compositing to scene, current FBO valid=1
[GL] renderOpenGL: 2 waveforms, 2 registered, viewport=2400x1600, renderEngine=active
[GL]   Waveform 6: bounds=(6,400,888x370), ch1=1776, ch2=1776, isStereo=1, visible=1, preset=default
[GL]   Waveform 5: bounds=(6,30,888x370), ch1=1776, ch2=1776, isStereo=1, visible=1, preset=default
[RenderEngine] beginFrame: dt=0.00823821, sceneFBO valid=1 (2400x1600)
[RenderEngine] blitToScreen: viewport=2400x1600, sceneFBO valid=1, blitTextureLoc=0
[RenderEngine]   quad draw OK
[HTTP IN] GET /ui/element/oscillator_3e08115302d845ea85ddb8ae39fb46db
[HTTP ERROR] Internal server error on GET /ui/element/oscillator_3e08115302d845ea85ddb8ae39fb46db (status: 404)
[HTTP IN] POST /track/0/hideEditor
[HTTP IN] POST /state/reset
WaveformGLRenderer: OpenGL context closing
FramebufferPool: Shutdown complete
RenderEngine: Shutdown complete
WaveformGLRenderer: RenderEngine shutdown complete
[GL] WaveformGLRenderer DESTROYED
WaveformGLRenderer destroyed
[HTTP IN] POST /track/0/showEditor
[DEBUG] handleTrackShowEditor called
[DEBUG] trackId = 0
[DEBUG] track = valid
[DEBUG] isEditorVisible = 0
[DEBUG] Calling callAsync to show editor
[DEBUG] callAsync queued, preparing response
[DEBUG] Sending success response
[DEBUG] Response sent
[DEBUG] callAsync executing on message thread
OscilAccordionSection::setExpanded() - title: TIMING, current: 0, new: 1
OscilAccordionSection::setExpanded() - title: OPTIONS, current: 0, new: 1
[GL] WaveformGLRenderer CREATED
WaveformGLRenderer created
[GL] setContext called, context=valid
GPU rendering enabled - OpenGL context attached
[DEBUG] showTrackEditor completed
[GL] === newOpenGLContextCreated CALLED ===
WaveformGLRenderer: OpenGL context created
WaveformGLRenderer: Compiling shaders...
ElectricFlowerShader: Compiled successfully
LiquidChromeShader: Compiled successfully
WaveformGLRenderer: Cleared all waveforms
WireframeMeshShader: Compiled successfully
VolumetricRibbonShader: Compiled successfully
GlassRefractionShader: Compiled successfully
[BASIC] compile() called, already compiled=0
[BASIC] Compiling shaders (GLSL 3.30 Core)...
[BASIC] Vertex shader compiled OK
[BASIC] Fragment shader compiled OK
[BASIC] Shader compiled and linked successfully
[BASIC] Uniform locations - projection=1, baseColor=5, opacity=0, glowIntensity=6
[BASIC] Created VAO=14, VBO=18
[BASIC] Shader fully initialized, compiled=true
WaveformGLRenderer: Shaders compiled successfully
Framebuffer: Created 1200x800 FBO=1 Texture=1 Depth=2
Framebuffer: Created 1200x800 FBO=2 Texture=3 Depth=0
Framebuffer: Created 1200x800 FBO=3 Texture=4 Depth=0
FramebufferPool: Initialized 1200x800
Framebuffer: Created 1200x800 FBO=4 Texture=5 Depth=0
RenderEngine: Blit shader compiled, sourceTexture uniform=0
GlitchEffect: Compiled successfully
DistortionEffect: Compiled successfully
ScanlineEffect: Compiled successfully
ColorGradeEffect: Compiled successfully
RadialBlurEffect: Compiled successfully
ChromaticAberrationEffect: Compiled successfully
VignetteEffect: Missing uniforms
RenderEngine: Failed to compile effect: vignette
FilmGrainEffect: Compiled successfully
TrailsEffect: Compiled successfully
RenderEngine: Initialized 9/10 effects
ParticleSystem: Initialized with capacity 10000
EnvironmentMapManager: Initialized
WaveformGLRenderer: Registered waveform 8
EnvironmentMapManager: Created map 'default_studio' (256x256)
EnvironmentMapManager: Created map 'studio' (256x256)
EnvironmentMapManager: Created map 'neon' (256x256)
EnvironmentMapManager: Created map 'cyber_space' (256x256)
EnvironmentMapManager: Created map 'dark' (256x256)
EnvironmentMapManager: Created map 'sunset' (256x256)
[HTTP IN] GET /ui/elements
EnvironmentMapManager: Created map 'abstract' (256x256)
RenderEngine: Created 7 environment maps
RenderEngine: Initialized 1200x800
[GL] RenderEngine initialized successfully
WaveformGLRenderer: RenderEngine initialized
[GL] contextReady_ set to TRUE
RenderEngine: Registered waveform 8
[RenderEngine] renderWaveform: id=8, visible=1, ch1 size=1776, bounds=(6,30,888x740), initialized=1
[RenderEngine]   -> calling renderWaveformComplete
[RenderEngine] renderWaveformComplete: presetId=default, shaderType=0, bloom=0, trails=0, vignette=0
[RenderEngine] renderWaveformGeometry: shaderId=basic, shader=found
[RenderEngine]   -> rendering with shader, bounds=(6,30,888x740)
[BASIC] render() called, compiled=1, ch1 size=1776
[BASIC] Drawing ch1: 3552 verts, bounds=(6,30,888x740), posLoc=1, distLoc=0
[BASIC] Draw completed OK
[BASIC] Drawing ch2: isStereo=1, ch2 size=1776
[BASIC] Drawing ch2: 3552 verts, centerY2=585
[RenderEngine] Compositing to scene, current FBO valid=1
[GL] renderOpenGL: 1 waveforms, 1 registered, viewport=2400x1600, renderEngine=active
[GL]   Waveform 8: bounds=(6,30,888x740), ch1=1776, ch2=1776, isStereo=1, visible=1, preset=default
[RenderEngine] beginFrame: dt=0.00926604, sceneFBO valid=1 (1200x800)
[RenderEngine] blitToScreen: viewport=2400x1600, sceneFBO valid=1, blitTextureLoc=0
[RenderEngine]   quad draw OK
[HTTP IN] GET /state/oscillators
[HTTP IN] POST /ui/click
[RenderEngine] renderWaveform: id=8, visible=1, ch1 size=1776, bounds=(6,30,888x740), initialized=1
[RenderEngine]   -> calling renderWaveformComplete
[RenderEngine] renderWaveformComplete: presetId=default, shaderType=0, bloom=0, trails=0, vignette=0
[RenderEngine] renderWaveformGeometry: shaderId=basic, shader=found
[RenderEngine]   -> rendering with shader, bounds=(6,30,888x740)
[BASIC] render() called, compiled=1, ch1 size=1776
[BASIC] Drawing ch1: 3552 verts, bounds=(6,30,888x740), posLoc=1, distLoc=0
[BASIC] Draw completed OK
[BASIC] Drawing ch2: isStereo=1, ch2 size=1776
[BASIC] Drawing ch2: 3552 verts, centerY2=585
[RenderEngine] Compositing to scene, current FBO valid=1
[GL] renderOpenGL: 1 waveforms, 1 registered, viewport=2400x1600, renderEngine=active
[GL]   Waveform 8: bounds=(6,30,888x740), ch1=1776, ch2=1776, isStereo=1, visible=1, preset=default
[RenderEngine] beginFrame: dt=0.00852425, sceneFBO valid=1 (1200x800)
[RenderEngine] blitToScreen: viewport=2400x1600, sceneFBO valid=1, blitTextureLoc=0
[RenderEngine]   quad draw OK
[RenderEngine] renderWaveform: id=8, visible=1, ch1 size=1776, bounds=(6,30,888x740), initialized=1
[RenderEngine]   -> calling renderWaveformComplete
[RenderEngine] renderWaveformComplete: presetId=default, shaderType=0, bloom=0, trails=0, vignette=0
[RenderEngine] renderWaveformGeometry: shaderId=basic, shader=found
[RenderEngine]   -> rendering with shader, bounds=(6,30,888x740)
[BASIC] render() called, compiled=1, ch1 size=1776
[BASIC] Drawing ch1: 3552 verts, bounds=(6,30,888x740), posLoc=1, distLoc=0
[BASIC] Draw completed OK
[BASIC] Drawing ch2: isStereo=1, ch2 size=1776
[BASIC] Drawing ch2: 3552 verts, centerY2=585
[RenderEngine] Compositing to scene, current FBO valid=1
[HTTP IN] GET /ui/element/addOscillatorDialog
[HTTP IN] GET /ui/element/addOscillatorDialog_cancelBtn
[HTTP IN] POST /ui/click
[GL] renderOpenGL: 1 waveforms, 1 registered, viewport=2400x1600, renderEngine=active
[GL]   Waveform 8: bounds=(6,30,888x740), ch1=1776, ch2=1776, isStereo=1, visible=1, preset=default
[RenderEngine] beginFrame: dt=0.00881725, sceneFBO valid=1 (1200x800)
[RenderEngine] blitToScreen: viewport=2400x1600, sceneFBO valid=1, blitTextureLoc=0
[RenderEngine]   quad draw OK
[RenderEngine] renderWaveform: id=8, visible=1, ch1 size=1776, bounds=(6,30,888x740), initialized=1
[RenderEngine]   -> calling renderWaveformComplete
[RenderEngine] renderWaveformComplete: presetId=default, shaderType=0, bloom=0, trails=0, vignette=0
[RenderEngine] renderWaveformGeometry: shaderId=basic, shader=found
[RenderEngine]   -> rendering with shader, bounds=(6,30,888x740)
[BASIC] render() called, compiled=1, ch1 size=1776
[BASIC] Drawing ch1: 3552 verts, bounds=(6,30,888x740), posLoc=1, distLoc=0
[BASIC] Draw completed OK
[BASIC] Drawing ch2: isStereo=1, ch2 size=1776
[BASIC] Drawing ch2: 3552 verts, centerY2=585
[RenderEngine] Compositing to scene, current FBO valid=1
[HTTP IN] GET /ui/element/addOscillatorDialog
[HTTP IN] GET /state/oscillators
[HTTP IN] POST /track/0/hideEditor
[HTTP IN] POST /state/reset
WaveformGLRenderer: OpenGL context closing
FramebufferPool: Shutdown complete
RenderEngine: Shutdown complete
WaveformGLRenderer: RenderEngine shutdown complete
[GL] WaveformGLRenderer DESTROYED
WaveformGLRenderer destroyed
[HTTP IN] POST /track/0/showEditor
[DEBUG] handleTrackShowEditor called
[DEBUG] trackId = 0
[DEBUG] track = valid
[DEBUG] isEditorVisible = 0
[DEBUG] Calling callAsync to show editor
[DEBUG] callAsync queued, preparing response
[DEBUG] callAsync executing on message thread
[DEBUG] Sending success response
[DEBUG] Response sent
OscilAccordionSection::setExpanded() - title: TIMING, current: 0, new: 1
OscilAccordionSection::setExpanded() - title: OPTIONS, current: 0, new: 1
[GL] WaveformGLRenderer CREATED
WaveformGLRenderer created
[GL] setContext called, context=valid
GPU rendering enabled - OpenGL context attached
[DEBUG] showTrackEditor completed
[GL] === newOpenGLContextCreated CALLED ===
WaveformGLRenderer: OpenGL context created
WaveformGLRenderer: Compiling shaders...
ElectricFlowerShader: Compiled successfully
LiquidChromeShader: Compiled successfully
WaveformGLRenderer: Cleared all waveforms
WireframeMeshShader: Compiled successfully
VolumetricRibbonShader: Compiled successfully
GlassRefractionShader: Compiled successfully
[BASIC] compile() called, already compiled=0
[BASIC] Compiling shaders (GLSL 3.30 Core)...
[BASIC] Vertex shader compiled OK
[BASIC] Fragment shader compiled OK
[BASIC] Shader compiled and linked successfully
[BASIC] Uniform locations - projection=1, baseColor=5, opacity=0, glowIntensity=6
[BASIC] Created VAO=14, VBO=18
[BASIC] Shader fully initialized, compiled=true
WaveformGLRenderer: Shaders compiled successfully
Framebuffer: Created 1200x800 FBO=1 Texture=1 Depth=2
Framebuffer: Created 1200x800 FBO=2 Texture=3 Depth=0
Framebuffer: Created 1200x800 FBO=3 Texture=4 Depth=0
FramebufferPool: Initialized 1200x800
Framebuffer: Created 1200x800 FBO=4 Texture=5 Depth=0
RenderEngine: Blit shader compiled, sourceTexture uniform=0
GlitchEffect: Compiled successfully
DistortionEffect: Compiled successfully
ScanlineEffect: Compiled successfully
ColorGradeEffect: Compiled successfully
RadialBlurEffect: Compiled successfully
ChromaticAberrationEffect: Compiled successfully
VignetteEffect: Missing uniforms
RenderEngine: Failed to compile effect: vignette
FilmGrainEffect: Compiled successfully
TrailsEffect: Compiled successfully
RenderEngine: Initialized 9/10 effects
ParticleSystem: Initialized with capacity 10000
EnvironmentMapManager: Initialized
WaveformGLRenderer: Registered waveform 10
EnvironmentMapManager: Created map 'default_studio' (256x256)
EnvironmentMapManager: Created map 'studio' (256x256)
EnvironmentMapManager: Created map 'neon' (256x256)
EnvironmentMapManager: Created map 'cyber_space' (256x256)
EnvironmentMapManager: Created map 'dark' (256x256)
EnvironmentMapManager: Created map 'sunset' (256x256)
EnvironmentMapManager: Created map 'abstract' (256x256)
RenderEngine: Created 7 environment maps
RenderEngine: Initialized 1200x800
[GL] RenderEngine initialized successfully
WaveformGLRenderer: RenderEngine initialized
[GL] contextReady_ set to TRUE
RenderEngine: Registered waveform 10
[HTTP IN] GET /ui/elements
[GL] renderOpenGL: 1 waveforms, 1 registered, viewport=2400x1600, renderEngine=active
[GL]   Waveform 10: bounds=(6,30,888x740), ch1=1776, ch2=1776, isStereo=1, visible=1, preset=default
[RenderEngine] beginFrame: dt=0.0090635, sceneFBO valid=1 (1200x800)
[RenderEngine] blitToScreen: viewport=2400x1600, sceneFBO valid=1, blitTextureLoc=0
[RenderEngine]   quad draw OK
[RenderEngine] renderWaveform: id=10, visible=1, ch1 size=1776, bounds=(6,30,888x740), initialized=1
[RenderEngine]   -> calling renderWaveformComplete
[RenderEngine] renderWaveformComplete: presetId=default, shaderType=0, bloom=0, trails=0, vignette=0
[RenderEngine] renderWaveformGeometry: shaderId=basic, shader=found
[RenderEngine]   -> rendering with shader, bounds=(6,30,888x740)
[BASIC] render() called, compiled=1, ch1 size=1776
[BASIC] Drawing ch1: 3552 verts, bounds=(6,30,888x740), posLoc=1, distLoc=0
[BASIC] Draw completed OK
[BASIC] Drawing ch2: isStereo=1, ch2 size=1776
[BASIC] Drawing ch2: 3552 verts, centerY2=585
[RenderEngine] Compositing to scene, current FBO valid=1
[HTTP IN] POST /ui/click
[GL] renderOpenGL: 1 waveforms, 1 registered, viewport=2400x1600, renderEngine=active
[GL]   Waveform 10: bounds=(6,30,888x740), ch1=1776, ch2=1776, isStereo=1, visible=1, preset=default
[RenderEngine] beginFrame: dt=0.00769137, sceneFBO valid=1 (1200x800)
[RenderEngine] blitToScreen: viewport=2400x1600, sceneFBO valid=1, blitTextureLoc=0
[RenderEngine]   quad draw OK
[RenderEngine] renderWaveform: id=10, visible=1, ch1 size=1776, bounds=(6,30,888x740), initialized=1
[RenderEngine]   -> calling renderWaveformComplete
[RenderEngine] renderWaveformComplete: presetId=default, shaderType=0, bloom=0, trails=0, vignette=0
[RenderEngine] renderWaveformGeometry: shaderId=basic, shader=found
[RenderEngine]   -> rendering with shader, bounds=(6,30,888x740)
[BASIC] render() called, compiled=1, ch1 size=1776
[BASIC] Drawing ch1: 3552 verts, bounds=(6,30,888x740), posLoc=1, distLoc=0
[BASIC] Draw completed OK
[BASIC] Drawing ch2: isStereo=1, ch2 size=1776
[BASIC] Drawing ch2: 3552 verts, centerY2=585
[RenderEngine] Compositing to scene, current FBO valid=1
[HTTP IN] GET /ui/element/addOscillatorDialog
[HTTP IN] GET /ui/element/addOscillatorDialog_nameField
[HTTP IN] POST /ui/clearText
[GL] renderOpenGL: 1 waveforms, 1 registered, viewport=2400x1600, renderEngine=active
[GL]   Waveform 10: bounds=(6,30,888x740), ch1=1776, ch2=1776, isStereo=1, visible=1, preset=default
[RenderEngine] beginFrame: dt=0.00695175, sceneFBO valid=1 (1200x800)
[RenderEngine] blitToScreen: viewport=2400x1600, sceneFBO valid=1, blitTextureLoc=0
[RenderEngine]   quad draw OK
[HTTP IN] POST /ui/click
[RenderEngine] renderWaveform: id=10, visible=1, ch1 size=1776, bounds=(6,30,888x740), initialized=1
[RenderEngine]   -> calling renderWaveformComplete
[RenderEngine] renderWaveformComplete: presetId=default, shaderType=0, bloom=0, trails=0, vignette=0
[RenderEngine] renderWaveformGeometry: shaderId=basic, shader=found
[RenderEngine]   -> rendering with shader, bounds=(6,30,888x740)
[BASIC] render() called, compiled=1, ch1 size=1776
[BASIC] Drawing ch1: 3552 verts, bounds=(6,30,888x740), posLoc=1, distLoc=0
[BASIC] Draw completed OK
[BASIC] Drawing ch2: isStereo=1, ch2 size=1776
[BASIC] Drawing ch2: 3552 verts, centerY2=585
[RenderEngine] Compositing to scene, current FBO valid=1
[HTTP IN] GET /ui/element/addOscillatorDialog
[HTTP IN] GET /ui/element/addOscillatorDialog_error
[HTTP ERROR] Internal server error on GET /ui/element/addOscillatorDialog_error (status: 404)
[HTTP IN] GET /ui/element/addOscillatorDialog
[HTTP IN] GET /ui/element/addOscillatorDialog_cancelBtn
[HTTP IN] POST /ui/click
[GL] renderOpenGL: 1 waveforms, 1 registered, viewport=2400x1600, renderEngine=active
[GL]   Waveform 10: bounds=(6,30,888x740), ch1=1776, ch2=1776, isStereo=1, visible=1, preset=default
[RenderEngine] beginFrame: dt=0.00845462, sceneFBO valid=1 (1200x800)
[RenderEngine] blitToScreen: viewport=2400x1600, sceneFBO valid=1, blitTextureLoc=0
[RenderEngine]   quad draw OK
[HTTP IN] POST /track/0/hideEditor
WaveformGLRenderer: OpenGL context closing
FramebufferPool: Shutdown complete
RenderEngine: Shutdown complete
WaveformGLRenderer: RenderEngine shutdown complete
[GL] WaveformGLRenderer DESTROYED
WaveformGLRenderer destroyed
[HTTP IN] GET /health
[HTTP IN] POST /state/reset
[HTTP IN] POST /track/0/showEditor
[DEBUG] handleTrackShowEditor called
[DEBUG] trackId = 0
[DEBUG] track = valid
[DEBUG] isEditorVisible = 0
[DEBUG] Calling callAsync to show editor
[DEBUG] callAsync queued, preparing response
[DEBUG] callAsync executing on message thread
[DEBUG] Sending success response
[DEBUG] Response sent
OscilAccordionSection::setExpanded() - title: TIMING, current: 0, new: 1
OscilAccordionSection::setExpanded() - title: OPTIONS, current: 0, new: 1
[GL] WaveformGLRenderer CREATED
WaveformGLRenderer created
[GL] setContext called, context=valid
GPU rendering enabled - OpenGL context attached
[DEBUG] showTrackEditor completed
[GL] === newOpenGLContextCreated CALLED ===
WaveformGLRenderer: OpenGL context created
WaveformGLRenderer: Compiling shaders...
ElectricFlowerShader: Compiled successfully
LiquidChromeShader: Compiled successfully
WireframeMeshShader: Compiled successfully
VolumetricRibbonShader: Compiled successfully
WaveformGLRenderer: Cleared all waveforms
GlassRefractionShader: Compiled successfully
[BASIC] compile() called, already compiled=0
[BASIC] Compiling shaders (GLSL 3.30 Core)...
[BASIC] Vertex shader compiled OK
[BASIC] Fragment shader compiled OK
[BASIC] Shader compiled and linked successfully
[BASIC] Uniform locations - projection=1, baseColor=5, opacity=0, glowIntensity=6
[BASIC] Created VAO=14, VBO=18
[BASIC] Shader fully initialized, compiled=true
WaveformGLRenderer: Shaders compiled successfully
Framebuffer: Created 1200x800 FBO=1 Texture=1 Depth=2
Framebuffer: Created 1200x800 FBO=2 Texture=3 Depth=0
Framebuffer: Created 1200x800 FBO=3 Texture=4 Depth=0
FramebufferPool: Initialized 1200x800
Framebuffer: Created 1200x800 FBO=4 Texture=5 Depth=0
RenderEngine: Blit shader compiled, sourceTexture uniform=0
GlitchEffect: Compiled successfully
WaveformGLRenderer: Registered waveform 12
DistortionEffect: Compiled successfully
ScanlineEffect: Compiled successfully
ColorGradeEffect: Compiled successfully
RadialBlurEffect: Compiled successfully
ChromaticAberrationEffect: Compiled successfully
VignetteEffect: Missing uniforms
RenderEngine: Failed to compile effect: vignette
FilmGrainEffect: Compiled successfully
TrailsEffect: Compiled successfully
RenderEngine: Initialized 9/10 effects
ParticleSystem: Initialized with capacity 10000
EnvironmentMapManager: Initialized
EnvironmentMapManager: Created map 'default_studio' (256x256)
EnvironmentMapManager: Created map 'studio' (256x256)
EnvironmentMapManager: Created map 'neon' (256x256)
EnvironmentMapManager: Created map 'cyber_space' (256x256)
EnvironmentMapManager: Created map 'dark' (256x256)
EnvironmentMapManager: Created map 'sunset' (256x256)
[HTTP IN] GET /ui/elements
EnvironmentMapManager: Created map 'abstract' (256x256)
RenderEngine: Created 7 environment maps
RenderEngine: Initialized 1200x800
[GL] RenderEngine initialized successfully
WaveformGLRenderer: RenderEngine initialized
[GL] contextReady_ set to TRUE
RenderEngine: Registered waveform 12
[RenderEngine] renderWaveform: id=12, visible=1, ch1 size=1776, bounds=(6,30,888x740), initialized=1
[RenderEngine]   -> calling renderWaveformComplete
[RenderEngine] renderWaveformComplete: presetId=default, shaderType=0, bloom=0, trails=0, vignette=0
[RenderEngine] renderWaveformGeometry: shaderId=basic, shader=found
[RenderEngine]   -> rendering with shader, bounds=(6,30,888x740)
[BASIC] render() called, compiled=1, ch1 size=1776
[BASIC] Drawing ch1: 3552 verts, bounds=(6,30,888x740), posLoc=1, distLoc=0
[BASIC] Draw completed OK
[BASIC] Drawing ch2: isStereo=1, ch2 size=1776
[BASIC] Drawing ch2: 3552 verts, centerY2=585
[RenderEngine] Compositing to scene, current FBO valid=1
[GL] renderOpenGL: 1 waveforms, 1 registered, viewport=2400x1600, renderEngine=active
[GL]   Waveform 12: bounds=(6,30,888x740), ch1=1776, ch2=1776, isStereo=1, visible=1, preset=default
[RenderEngine] beginFrame: dt=0.00785033, sceneFBO valid=1 (1200x800)
[RenderEngine] blitToScreen: viewport=2400x1600, sceneFBO valid=1, blitTextureLoc=0
[RenderEngine]   quad draw OK
[HTTP IN] GET /state/oscillators
[HTTP IN] GET /state/oscillators
[HTTP IN] GET /ui/element/sidebar_oscillators_item_0
[HTTP IN] POST /ui/click
WaveformGLRenderer: Cleared all waveforms
WaveformGLRenderer: Cleared all waveforms
WaveformGLRenderer: Registered waveform 14
RenderEngine: Registered waveform 14
[RenderEngine] renderWaveform: id=14, visible=1, ch1 size=1776, bounds=(6,30,888x740), initialized=1
[RenderEngine]   -> calling renderWaveformComplete
[RenderEngine] renderWaveformComplete: presetId=default, shaderType=0, bloom=0, trails=0, vignette=0
[RenderEngine] renderWaveformGeometry: shaderId=basic, shader=found
[RenderEngine]   -> rendering with shader, bounds=(6,30,888x740)
[BASIC] render() called, compiled=1, ch1 size=1776
[BASIC] Drawing ch1: 3552 verts, bounds=(6,30,888x740), posLoc=1, distLoc=0
[BASIC] Draw completed OK
[BASIC] Drawing ch2: isStereo=1, ch2 size=1776
[BASIC] Drawing ch2: 3552 verts, centerY2=585
[RenderEngine] Compositing to scene, current FBO valid=1
[HTTP IN] GET /ui/element/sidebar_oscillators_item_0_settings
[HTTP IN] POST /ui/click
WaveformGLRenderer: Cleared all waveforms
WaveformGLRenderer: Cleared all waveforms
WaveformGLRenderer: Cleared all waveforms
WaveformGLRenderer: Registered waveform 17
RenderEngine: Registered waveform 17
[GL] renderOpenGL: 1 waveforms, 1 registered, viewport=2400x1600, renderEngine=active
[GL]   Waveform 17: bounds=(6,30,888x740), ch1=1776, ch2=1776, isStereo=1, visible=1, preset=default
[RenderEngine] beginFrame: dt=0.00903146, sceneFBO valid=1 (1200x800)
[RenderEngine] blitToScreen: viewport=2400x1600, sceneFBO valid=1, blitTextureLoc=0
[RenderEngine]   quad draw OK
[RenderEngine] renderWaveform: id=17, visible=1, ch1 size=1776, bounds=(6,30,888x740), initialized=1
[RenderEngine]   -> calling renderWaveformComplete
[RenderEngine] renderWaveformComplete: presetId=default, shaderType=0, bloom=0, trails=0, vignette=0
[RenderEngine] renderWaveformGeometry: shaderId=basic, shader=found
[RenderEngine]   -> rendering with shader, bounds=(6,30,888x740)
[BASIC] render() called, compiled=1, ch1 size=1776
[BASIC] Drawing ch1: 3552 verts, bounds=(6,30,888x740), posLoc=1, distLoc=0
[BASIC] Draw completed OK
[BASIC] Drawing ch2: isStereo=1, ch2 size=1776
[BASIC] Drawing ch2: 3552 verts, centerY2=585
[RenderEngine] Compositing to scene, current FBO valid=1
[HTTP IN] POST /ui/waitForVisible
[HTTP IN] GET /ui/element/sidebar_oscillators_item_0
[HTTP IN] POST /ui/doubleClick
[GL] renderOpenGL: 1 waveforms, 1 registered, viewport=2400x1600, renderEngine=active
[GL]   Waveform 17: bounds=(6,30,888x740), ch1=1776, ch2=1776, isStereo=1, visible=1, preset=default
[RenderEngine] beginFrame: dt=0.00805554, sceneFBO valid=1 (1200x800)
[RenderEngine] blitToScreen: viewport=2400x1600, sceneFBO valid=1, blitTextureLoc=0
[RenderEngine]   quad draw OK
[RenderEngine] renderWaveform: id=17, visible=1, ch1 size=1776, bounds=(6,30,888x740), initialized=1
[RenderEngine]   -> calling renderWaveformComplete
[RenderEngine] renderWaveformComplete: presetId=default, shaderType=0, bloom=0, trails=0, vignette=0
[RenderEngine] renderWaveformGeometry: shaderId=basic, shader=found
[RenderEngine]   -> rendering with shader, bounds=(6,30,888x740)
[BASIC] render() called, compiled=1, ch1 size=1776
[BASIC] Drawing ch1: 3552 verts, bounds=(6,30,888x740), posLoc=1, distLoc=0
[BASIC] Draw completed OK
[BASIC] Drawing ch2: isStereo=1, ch2 size=1776
[BASIC] Drawing ch2: 3552 verts, centerY2=585
[RenderEngine] Compositing to scene, current FBO valid=1
[GL] renderOpenGL: 1 waveforms, 1 registered, viewport=2400x1600, renderEngine=active
[GL]   Waveform 17: bounds=(6,30,888x740), ch1=1776, ch2=1776, isStereo=1, visible=1, preset=default
[RenderEngine] beginFrame: dt=0.00833733, sceneFBO valid=1 (1200x800)
[RenderEngine] blitToScreen: viewport=2400x1600, sceneFBO valid=1, blitTextureLoc=0
[RenderEngine]   quad draw OK
[HTTP IN] GET /ui/element/configPopup
[HTTP IN] GET /ui/element/configPopup_nameField
[HTTP IN] POST /ui/clearText
[HTTP IN] POST /ui/typeText
[RenderEngine] renderWaveform: id=17, visible=1, ch1 size=1776, bounds=(6,30,888x740), initialized=1
[RenderEngine]   -> calling renderWaveformComplete
[RenderEngine] renderWaveformComplete: presetId=default, shaderType=0, bloom=0, trails=0, vignette=0
[RenderEngine] renderWaveformGeometry: shaderId=basic, shader=found
[RenderEngine]   -> rendering with shader, bounds=(6,30,888x740)
[BASIC] render() called, compiled=1, ch1 size=1776
[BASIC] Drawing ch1: 3552 verts, bounds=(6,30,888x740), posLoc=1, distLoc=0
[BASIC] Draw completed OK
[BASIC] Drawing ch2: isStereo=1, ch2 size=1776
[BASIC] Drawing ch2: 3552 verts, centerY2=585
[RenderEngine] Compositing to scene, current FBO valid=1
