(lldb) target create "build/dev/test_harness/OscilTestHarness_artefacts/Debug/Oscil Test Harness.app/Contents/MacOS/Oscil Test Harness"
Current executable set to '/Users/Spare/Documents/code/MultiScoper/build/dev/test_harness/OscilTestHarness_artefacts/Debug/Oscil Test Harness.app/Contents/MacOS/Oscil Test Harness' (arm64).
(lldb) process launch
JUCE v8.0.5
Oscil Test Harness started
HTTP API available at: http://localhost:8765
Health check: http://localhost:8765/health
[HTTP IN] GET /health
[HTTP IN] POST /state/reset
[HTTP IN] POST /state/oscillator/add
[HTTP IN] POST /track/0/showEditor
[DEBUG] handleTrackShowEditor called
[DEBUG] trackId = 0
[DEBUG] track = valid
[DEBUG] isEditorVisible = 0
[DEBUG] Calling callAsync to show editor
[DEBUG] callAsync queued, preparing response
[DEBUG] callAsync executing on message thread
[DEBUG] Sending success response
[DEBUG] Response sent
[GL] WaveformGLRenderer CREATED
WaveformGLRenderer created
[GL] setContext called, context=valid
GPU rendering enabled - OpenGL context attached
WaveformGLRenderer: Cleared all waveforms
[DEBUG] showTrackEditor completed
WaveformGLRenderer: Registered waveform 1
[GL] === newOpenGLContextCreated CALLED ===
WaveformGLRenderer: OpenGL context created
RenderBootstrapper: Blit shader compiled, sourceTexture uniform=0
RenderBootstrapper: Composite shader compiled, sourceTexture uniform=0
FramebufferPool: Initialized 1200x800 (HDR)
[BASIC] compile() called, already compiled=0
[BASIC] Compiling shaders (GLSL 3.30 Core)...
[BASIC] Vertex shader compiled OK
[BASIC] Fragment shader compiled OK
[BASIC] Shader compiled and linked successfully
[BASIC] Uniform locations - projection=3, baseColor=7, opacity=2, glowIntensity=8, lineWidth=1, geometryWidth=0
[BASIC] Created VAO=2, VBO=2
[BASIC] Attribute locations - position=1, distFromCenter=0
[BASIC] Shader fully initialized, compiled=true
[RenderEngine] WaveformPass: Pre-compiled basic shader (others compile on-demand)
ParticleSystem: Initialized with capacity 10000
EnvironmentMapManager: Initialized
EnvironmentMapManager: Created map 'default_studio' (256x256)
EnvironmentMapManager: Created map 'studio' (256x256)
EnvironmentMapManager: Created map 'neon' (256x256)
EnvironmentMapManager: Created map 'cyber_space' (256x256)
EnvironmentMapManager: Created map 'dark' (256x256)
EnvironmentMapManager: Created map 'sunset' (256x256)
EnvironmentMapManager: Created map 'abstract' (256x256)
[RenderEngine] RenderEngine: Initialized 1200x800
[GL] RenderEngine initialized successfully
WaveformGLRenderer: RenderEngine initialized
Process 4682 launched: '/Users/Spare/Documents/code/MultiScoper/build/dev/test_harness/OscilTestHarness_artefacts/Debug/Oscil Test Harness.app/Contents/MacOS/Oscil Test Harness' (arm64)
Process 4682 stopped
* thread #27, name = 'OpenGL Renderer', stop reason = EXC_BAD_ACCESS (code=1, address=0x8)
    frame #0: 0x00000001011a6c9c Oscil Test Harness`juce::OpenGLContext::isActive(this=0x0000000000000000) const at juce_OpenGLContext.cpp:1380:12
   1377	
   1378	bool OpenGLContext::isActive() const noexcept
   1379	{
-> 1380	    return nativeContext != nullptr && nativeContext->isActive();
    	           ^
   1381	}
   1382	
   1383	void OpenGLContext::deactivateCurrentContext()
Target 0: (Oscil Test Harness) stopped.
